Using pre-set license
Built from '2020.3/staging' branch; Version is '2020.3.25f1 (9b9180224418) revision 10195328'; Using compiler version '192528614'; Build Type 'Release'
OS: 'Windows 11  (10.0.22000) 64bit Core' Language: 'de' Physical Memory: 16309 MB
BatchMode: 1, IsHumanControllingUs: 0, StartBugReporterOnCrash: 0, Is64bit: 1, IsPro: 0

COMMAND LINE ARGUMENTS:
C:\1Coding\Codes\C ++\2020.3.25f1\Editor\Unity.exe
-adb2
-batchMode
-noUpm
-name
AssetImportWorker0
-projectPath
C:/1Coding/Codes/C Shard/Foxy/Foxy
-logFile
Logs/AssetImportWorker0.log
-srvPort
55202
Successfully changed project path to: C:/1Coding/Codes/C Shard/Foxy/Foxy
C:/1Coding/Codes/C Shard/Foxy/Foxy
Using Asset Import Pipeline V2.
Refreshing native plugins compatible for Editor in 66.98 ms, found 3 plugins.
Preloading 0 native plugins for Editor in 0.00 ms.
Initialize engine version: 2020.3.25f1 (9b9180224418)
[Subsystems] Discovering subsystems at path C:/1Coding/Codes/C ++/2020.3.25f1/Editor/Data/Resources/UnitySubsystems
[Subsystems] Discovering subsystems at path C:/1Coding/Codes/C Shard/Foxy/Foxy/Assets
GfxDevice: creating device client; threaded=0
Direct3D:
    Version:  Direct3D 11.0 [level 11.1]
    Renderer: NVIDIA GeForce GTX 1050 Ti (ID=0x1c82)
    Vendor:   
    VRAM:     4018 MB
    Driver:   30.0.15.1165
Initialize mono
Mono path[0] = 'C:/1Coding/Codes/C ++/2020.3.25f1/Editor/Data/Managed'
Mono path[1] = 'C:/1Coding/Codes/C ++/2020.3.25f1/Editor/Data/MonoBleedingEdge/lib/mono/unityjit'
Mono config path = 'C:/1Coding/Codes/C ++/2020.3.25f1/Editor/Data/MonoBleedingEdge/etc'
Using monoOptions --debugger-agent=transport=dt_socket,embedding=1,server=y,suspend=n,address=127.0.0.1:56128
Begin MonoManager ReloadAssembly
Registering precompiled unity dll's ...
Register platform support module: C:/1Coding/Codes/C ++/2020.3.25f1/Editor/Data/PlaybackEngines/WindowsStandaloneSupport/UnityEditor.WindowsStandalone.Extensions.dll
Registered in 0.001062 seconds.
Native extension for WindowsStandalone target not found
Refreshing native plugins compatible for Editor in 59.95 ms, found 3 plugins.
Preloading 0 native plugins for Editor in 0.00 ms.
Mono: successfully reloaded assembly
- Completed reload, in  0.510 seconds
Domain Reload Profiling:
	ReloadAssembly (510ms)
		BeginReloadAssembly (41ms)
			ExecutionOrderSort (0ms)
			DisableScriptedObjects (0ms)
			BackupInstance (0ms)
			ReleaseScriptingObjects (0ms)
			CreateAndSetChildDomain (1ms)
		EndReloadAssembly (407ms)
			LoadAssemblies (40ms)
			RebuildTransferFunctionScriptingTraits (0ms)
			SetupTypeCache (127ms)
			ReleaseScriptCaches (0ms)
			RebuildScriptCaches (26ms)
			SetupLoadedEditorAssemblies (168ms)
				LogAssemblyErrors (0ms)
				InitializePlatformSupportModulesInManaged (4ms)
				SetLoadedEditorAssemblies (0ms)
				RefreshPlugins (60ms)
				BeforeProcessingInitializeOnLoad (11ms)
				ProcessInitializeOnLoadAttributes (70ms)
				ProcessInitializeOnLoadMethodAttributes (24ms)
				AfterProcessingInitializeOnLoad (0ms)
				EditorAssembliesLoaded (0ms)
			ExecutionOrderSort2 (0ms)
			AwakeInstancesAfterBackupRestoration (0ms)
Platform modules already initialized, skipping
Registering precompiled user dll's ...
Registered in 0.003162 seconds.
Begin MonoManager ReloadAssembly
Native extension for WindowsStandalone target not found
Refreshing native plugins compatible for Editor in 60.98 ms, found 3 plugins.
Preloading 0 native plugins for Editor in 0.00 ms.
Mono: successfully reloaded assembly
- Completed reload, in  0.970 seconds
Domain Reload Profiling:
	ReloadAssembly (971ms)
		BeginReloadAssembly (125ms)
			ExecutionOrderSort (0ms)
			DisableScriptedObjects (5ms)
			BackupInstance (0ms)
			ReleaseScriptingObjects (0ms)
			CreateAndSetChildDomain (17ms)
		EndReloadAssembly (793ms)
			LoadAssemblies (76ms)
			RebuildTransferFunctionScriptingTraits (0ms)
			SetupTypeCache (253ms)
			ReleaseScriptCaches (0ms)
			RebuildScriptCaches (45ms)
			SetupLoadedEditorAssemblies (316ms)
				LogAssemblyErrors (0ms)
				InitializePlatformSupportModulesInManaged (3ms)
				SetLoadedEditorAssemblies (0ms)
				RefreshPlugins (61ms)
				BeforeProcessingInitializeOnLoad (64ms)
				ProcessInitializeOnLoadAttributes (170ms)
				ProcessInitializeOnLoadMethodAttributes (14ms)
				AfterProcessingInitializeOnLoad (4ms)
				EditorAssembliesLoaded (0ms)
			ExecutionOrderSort2 (0ms)
			AwakeInstancesAfterBackupRestoration (5ms)
Platform modules already initialized, skipping
========================================================================
Worker process is ready to serve import requests
Launched and connected shader compiler UnityShaderCompiler.exe after 0.03 seconds
Refreshing native plugins compatible for Editor in 0.82 ms, found 3 plugins.
Preloading 0 native plugins for Editor in 0.00 ms.
Unloading 2371 Unused Serialized files (Serialized files now loaded: 0)
System memory in use before: 107.2 MB.
System memory in use after: 107.4 MB.

Unloading 29 unused Assets to reduce memory usage. Loaded Objects now: 2810.
Total: 2.927500 ms (FindLiveObjects: 0.226500 ms CreateObjectMapping: 0.061500 ms MarkObjects: 2.576500 ms  DeleteObjects: 0.061700 ms)

AssetImportParameters requested are different than current active one (requested -> active):
  custom:framework-win-MediaFoundation: 216162199b28c13a410421893ffa2e32 -> 
  custom:video-decoder-ogg-theora: a1e56fd34408186e4bbccfd4996cb3dc -> 
  custom:container-muxer-webm: aa71ff27fc2769a1b78a27578f13a17b -> 
  custom:container-demuxer-webm: 4f35f7cbe854078d1ac9338744f61a02 -> 
  custom:container-demuxer-ogg: 62fdf1f143b41e24485cea50d1cbac27 -> 
  custom:video-encoder-webm-vp8: eb34c28f22e8b96e1ab97ce403110664 -> 
  custom:video-decoder-webm-vp8: 9c59270c3fd7afecdb556c50c9e8de78 -> 
  custom:audio-decoder-ogg-vorbis: bf7c407c2cedff20999df2af8eb42d56 -> 
  custom:audio-encoder-webm-vorbis: bf7c407c2cedff20999df2af8eb42d56 -> 
========================================================================
Received Import Request.
  path: Assets/CORE/Scenes/Level2.unity
  artifactKey: Guid(8fd872073ceef2547aa24450b69f07b3) Importer(815301076,1909f56bfc062723c751e8b465ee728b)
Start importing Assets/CORE/Scenes/Level2.unity using Guid(8fd872073ceef2547aa24450b69f07b3) Importer(815301076,1909f56bfc062723c751e8b465ee728b)  -> (artifact id: 'fdeb308cafd4acbd18da67dabdd2246f') in 0.016697 seconds 
  Import took 0.020001 seconds .

========================================================================
Received Import Request.
  Time since last request: 34.231254 seconds.
  path: Assets/CORE/Scripts/Weapon/EnemyWeapon.cs
  artifactKey: Guid(c6b66293040deea49967602d9e5313c9) Importer(815301076,1909f56bfc062723c751e8b465ee728b)
Start importing Assets/CORE/Scripts/Weapon/EnemyWeapon.cs using Guid(c6b66293040deea49967602d9e5313c9) Importer(815301076,1909f56bfc062723c751e8b465ee728b)  -> (artifact id: '2697a14fabec7e555bba6e5f6daa3c68') in 0.025431 seconds 
  Import took 0.028986 seconds .

========================================================================
Received Import Request.
  Time since last request: 1.588599 seconds.
  path: Assets/CORE/Scripts/Weapon/Weapon.cs
  artifactKey: Guid(d226cf42649ed0546bc269f1b0cd1e21) Importer(815301076,1909f56bfc062723c751e8b465ee728b)
Start importing Assets/CORE/Scripts/Weapon/Weapon.cs using Guid(d226cf42649ed0546bc269f1b0cd1e21) Importer(815301076,1909f56bfc062723c751e8b465ee728b)  -> (artifact id: 'b074b36221dcb426c615fd31d1adc6bd') in 0.006754 seconds 
  Import took 0.010425 seconds .

========================================================================
Received Import Request.
  Time since last request: 4.637769 seconds.
  path: Assets/CORE/Scripts/Weapon/PlayerSword.cs
  artifactKey: Guid(f996b9ea09beb42429ae0cd55710fac8) Importer(815301076,1909f56bfc062723c751e8b465ee728b)
Start importing Assets/CORE/Scripts/Weapon/PlayerSword.cs using Guid(f996b9ea09beb42429ae0cd55710fac8) Importer(815301076,1909f56bfc062723c751e8b465ee728b)  -> (artifact id: '87b553bfad226c192adce036d6894f36') in 0.006827 seconds 
  Import took 0.010517 seconds .

========================================================================
Received Prepare
Registering precompiled user dll's ...
Registered in 0.003221 seconds.
Begin MonoManager ReloadAssembly
Native extension for WindowsStandalone target not found
Refreshing native plugins compatible for Editor in 0.74 ms, found 3 plugins.
Preloading 0 native plugins for Editor in 0.00 ms.
Mono: successfully reloaded assembly
- Completed reload, in  0.860 seconds
Domain Reload Profiling:
	ReloadAssembly (860ms)
		BeginReloadAssembly (96ms)
			ExecutionOrderSort (0ms)
			DisableScriptedObjects (5ms)
			BackupInstance (0ms)
			ReleaseScriptingObjects (0ms)
			CreateAndSetChildDomain (33ms)
		EndReloadAssembly (702ms)
			LoadAssemblies (69ms)
			RebuildTransferFunctionScriptingTraits (0ms)
			SetupTypeCache (254ms)
			ReleaseScriptCaches (1ms)
			RebuildScriptCaches (41ms)
			SetupLoadedEditorAssemblies (247ms)
				LogAssemblyErrors (0ms)
				InitializePlatformSupportModulesInManaged (4ms)
				SetLoadedEditorAssemblies (0ms)
				RefreshPlugins (1ms)
				BeforeProcessingInitializeOnLoad (78ms)
				ProcessInitializeOnLoadAttributes (151ms)
				ProcessInitializeOnLoadMethodAttributes (9ms)
				AfterProcessingInitializeOnLoad (4ms)
				EditorAssembliesLoaded (0ms)
			ExecutionOrderSort2 (0ms)
			AwakeInstancesAfterBackupRestoration (8ms)
Platform modules already initialized, skipping
Refreshing native plugins compatible for Editor in 0.72 ms, found 3 plugins.
Preloading 0 native plugins for Editor in 0.00 ms.
Unloading 2339 Unused Serialized files (Serialized files now loaded: 0)
System memory in use before: 104.6 MB.
System memory in use after: 104.8 MB.

Unloading 18 unused Assets to reduce memory usage. Loaded Objects now: 2812.
Total: 2.804900 ms (FindLiveObjects: 0.197500 ms CreateObjectMapping: 0.059200 ms MarkObjects: 2.516400 ms  DeleteObjects: 0.030900 ms)

AssetImportParameters requested are different than current active one (requested -> active):
  custom:framework-win-MediaFoundation: 216162199b28c13a410421893ffa2e32 -> 
  custom:video-decoder-ogg-theora: a1e56fd34408186e4bbccfd4996cb3dc -> 
  custom:container-muxer-webm: aa71ff27fc2769a1b78a27578f13a17b -> 
  custom:container-demuxer-webm: 4f35f7cbe854078d1ac9338744f61a02 -> 
  custom:container-demuxer-ogg: 62fdf1f143b41e24485cea50d1cbac27 -> 
  custom:video-encoder-webm-vp8: eb34c28f22e8b96e1ab97ce403110664 -> 
  custom:video-decoder-webm-vp8: 9c59270c3fd7afecdb556c50c9e8de78 -> 
  custom:audio-decoder-ogg-vorbis: bf7c407c2cedff20999df2af8eb42d56 -> 
  custom:audio-encoder-webm-vorbis: bf7c407c2cedff20999df2af8eb42d56 -> 
========================================================================
Received Import Request.
  Time since last request: 49.018336 seconds.
  path: Assets/CORE/Scripts/Weapon
  artifactKey: Guid(dd8db162d1d0a0f4e9bbe4cf3e7bf6b0) Importer(815301076,1909f56bfc062723c751e8b465ee728b)
Start importing Assets/CORE/Scripts/Weapon using Guid(dd8db162d1d0a0f4e9bbe4cf3e7bf6b0) Importer(815301076,1909f56bfc062723c751e8b465ee728b)  -> (artifact id: '940c31ba17f4252c765c9db8414f973a') in 0.005540 seconds 
  Import took 0.009008 seconds .

========================================================================
Received Import Request.
  Time since last request: 11.765012 seconds.
  path: Assets/CORE/Scripts/Weapon/PlayerSpell.cs
  artifactKey: Guid(411d8b11585f209428ecee722225b475) Importer(815301076,1909f56bfc062723c751e8b465ee728b)
Start importing Assets/CORE/Scripts/Weapon/PlayerSpell.cs using Guid(411d8b11585f209428ecee722225b475) Importer(815301076,1909f56bfc062723c751e8b465ee728b)  -> (artifact id: 'e997c9b04ae315e94e42caf04528cbb6') in 0.006760 seconds 
  Import took 0.010358 seconds .

========================================================================
Received Prepare
Registering precompiled user dll's ...
Registered in 0.003267 seconds.
Begin MonoManager ReloadAssembly
Native extension for WindowsStandalone target not found
Refreshing native plugins compatible for Editor in 0.85 ms, found 3 plugins.
Preloading 0 native plugins for Editor in 0.00 ms.
Mono: successfully reloaded assembly
- Completed reload, in  0.947 seconds
Domain Reload Profiling:
	ReloadAssembly (947ms)
		BeginReloadAssembly (99ms)
			ExecutionOrderSort (0ms)
			DisableScriptedObjects (5ms)
			BackupInstance (0ms)
			ReleaseScriptingObjects (0ms)
			CreateAndSetChildDomain (30ms)
		EndReloadAssembly (795ms)
			LoadAssemblies (70ms)
			RebuildTransferFunctionScriptingTraits (0ms)
			SetupTypeCache (276ms)
			ReleaseScriptCaches (2ms)
			RebuildScriptCaches (66ms)
			SetupLoadedEditorAssemblies (260ms)
				LogAssemblyErrors (0ms)
				InitializePlatformSupportModulesInManaged (4ms)
				SetLoadedEditorAssemblies (0ms)
				RefreshPlugins (1ms)
				BeforeProcessingInitializeOnLoad (85ms)
				ProcessInitializeOnLoadAttributes (156ms)
				ProcessInitializeOnLoadMethodAttributes (10ms)
				AfterProcessingInitializeOnLoad (4ms)
				EditorAssembliesLoaded (0ms)
			ExecutionOrderSort2 (0ms)
			AwakeInstancesAfterBackupRestoration (7ms)
Platform modules already initialized, skipping
Refreshing native plugins compatible for Editor in 0.96 ms, found 3 plugins.
Preloading 0 native plugins for Editor in 0.00 ms.
Unloading 2340 Unused Serialized files (Serialized files now loaded: 0)
System memory in use before: 104.6 MB.
System memory in use after: 104.9 MB.

Unloading 18 unused Assets to reduce memory usage. Loaded Objects now: 2815.
Total: 2.911700 ms (FindLiveObjects: 0.238200 ms CreateObjectMapping: 0.062000 ms MarkObjects: 2.573100 ms  DeleteObjects: 0.037100 ms)

AssetImportParameters requested are different than current active one (requested -> active):
  custom:framework-win-MediaFoundation: 216162199b28c13a410421893ffa2e32 -> 
  custom:video-decoder-ogg-theora: a1e56fd34408186e4bbccfd4996cb3dc -> 
  custom:container-muxer-webm: aa71ff27fc2769a1b78a27578f13a17b -> 
  custom:container-demuxer-webm: 4f35f7cbe854078d1ac9338744f61a02 -> 
  custom:container-demuxer-ogg: 62fdf1f143b41e24485cea50d1cbac27 -> 
  custom:video-encoder-webm-vp8: eb34c28f22e8b96e1ab97ce403110664 -> 
  custom:video-decoder-webm-vp8: 9c59270c3fd7afecdb556c50c9e8de78 -> 
  custom:audio-decoder-ogg-vorbis: bf7c407c2cedff20999df2af8eb42d56 -> 
  custom:audio-encoder-webm-vorbis: bf7c407c2cedff20999df2af8eb42d56 -> 
========================================================================
Received Import Request.
  Time since last request: 285.620834 seconds.
  path: Assets/CORE/Scripts/Weapon/PlayerSpell.cs
  artifactKey: Guid(411d8b11585f209428ecee722225b475) Importer(815301076,1909f56bfc062723c751e8b465ee728b)
Start importing Assets/CORE/Scripts/Weapon/PlayerSpell.cs using Guid(411d8b11585f209428ecee722225b475) Importer(815301076,1909f56bfc062723c751e8b465ee728b)  -> (artifact id: '8e151721c5e4d557c792d3005e021885') in 0.006613 seconds 
  Import took 0.011075 seconds .

========================================================================
Received Import Request.
  Time since last request: 9.447311 seconds.
  path: Assets/CORE/Scripts/Weapon/SpellAmmmo.cs
  artifactKey: Guid(7db8d22d5913d6c4d990dae8e308c366) Importer(815301076,1909f56bfc062723c751e8b465ee728b)
Start importing Assets/CORE/Scripts/Weapon/SpellAmmmo.cs using Guid(7db8d22d5913d6c4d990dae8e308c366) Importer(815301076,1909f56bfc062723c751e8b465ee728b)  -> (artifact id: '093a7d60547154fd0ffb51cba8ab68f0') in 0.007796 seconds 
  Import took 0.011506 seconds .

========================================================================
Received Import Request.
  Time since last request: 9.912984 seconds.
  path: Assets/CORE/Scripts/Weapon/SpellAmmo.cs
  artifactKey: Guid(545c5490f82499443873dc6f6d9f4309) Importer(815301076,1909f56bfc062723c751e8b465ee728b)
Start importing Assets/CORE/Scripts/Weapon/SpellAmmo.cs using Guid(545c5490f82499443873dc6f6d9f4309) Importer(815301076,1909f56bfc062723c751e8b465ee728b)  -> (artifact id: 'a73eaedf9d2b7f519ace478da4d8f1f2') in 0.007467 seconds 
  Import took 0.011272 seconds .

========================================================================
Received Prepare
Registering precompiled user dll's ...
Registered in 0.004111 seconds.
Begin MonoManager ReloadAssembly
Native extension for WindowsStandalone target not found
Refreshing native plugins compatible for Editor in 0.73 ms, found 3 plugins.
Preloading 0 native plugins for Editor in 0.00 ms.
Mono: successfully reloaded assembly
- Completed reload, in  0.848 seconds
Domain Reload Profiling:
	ReloadAssembly (849ms)
		BeginReloadAssembly (88ms)
			ExecutionOrderSort (0ms)
			DisableScriptedObjects (5ms)
			BackupInstance (0ms)
			ReleaseScriptingObjects (0ms)
			CreateAndSetChildDomain (28ms)
		EndReloadAssembly (707ms)
			LoadAssemblies (71ms)
			RebuildTransferFunctionScriptingTraits (0ms)
			SetupTypeCache (258ms)
			ReleaseScriptCaches (1ms)
			RebuildScriptCaches (39ms)
			SetupLoadedEditorAssemblies (253ms)
				LogAssemblyErrors (0ms)
				InitializePlatformSupportModulesInManaged (4ms)
				SetLoadedEditorAssemblies (0ms)
				RefreshPlugins (1ms)
				BeforeProcessingInitializeOnLoad (83ms)
				ProcessInitializeOnLoadAttributes (153ms)
				ProcessInitializeOnLoadMethodAttributes (9ms)
				AfterProcessingInitializeOnLoad (4ms)
				EditorAssembliesLoaded (0ms)
			ExecutionOrderSort2 (0ms)
			AwakeInstancesAfterBackupRestoration (7ms)
Platform modules already initialized, skipping
Refreshing native plugins compatible for Editor in 0.73 ms, found 3 plugins.
Preloading 0 native plugins for Editor in 0.00 ms.
Unloading 2341 Unused Serialized files (Serialized files now loaded: 0)
System memory in use before: 104.7 MB.
System memory in use after: 104.9 MB.

Unloading 18 unused Assets to reduce memory usage. Loaded Objects now: 2818.
Total: 2.953100 ms (FindLiveObjects: 0.213300 ms CreateObjectMapping: 0.059800 ms MarkObjects: 2.641300 ms  DeleteObjects: 0.037800 ms)

AssetImportParameters requested are different than current active one (requested -> active):
  custom:framework-win-MediaFoundation: 216162199b28c13a410421893ffa2e32 -> 
  custom:video-decoder-ogg-theora: a1e56fd34408186e4bbccfd4996cb3dc -> 
  custom:container-muxer-webm: aa71ff27fc2769a1b78a27578f13a17b -> 
  custom:container-demuxer-webm: 4f35f7cbe854078d1ac9338744f61a02 -> 
  custom:container-demuxer-ogg: 62fdf1f143b41e24485cea50d1cbac27 -> 
  custom:video-encoder-webm-vp8: eb34c28f22e8b96e1ab97ce403110664 -> 
  custom:video-decoder-webm-vp8: 9c59270c3fd7afecdb556c50c9e8de78 -> 
  custom:audio-decoder-ogg-vorbis: bf7c407c2cedff20999df2af8eb42d56 -> 
  custom:audio-encoder-webm-vorbis: bf7c407c2cedff20999df2af8eb42d56 -> 
========================================================================
Received Import Request.
  Time since last request: 1749.643950 seconds.
  path: Assets/CORE/Scripts/Weapon/SpellAmmo.cs
  artifactKey: Guid(545c5490f82499443873dc6f6d9f4309) Importer(815301076,1909f56bfc062723c751e8b465ee728b)
Start importing Assets/CORE/Scripts/Weapon/SpellAmmo.cs using Guid(545c5490f82499443873dc6f6d9f4309) Importer(815301076,1909f56bfc062723c751e8b465ee728b)  -> (artifact id: 'f386be87876849d91855cbd2d84a9201') in 0.005588 seconds 
  Import took 0.008874 seconds .

========================================================================
Received Import Request.
  Time since last request: 71.132058 seconds.
  path: Assets/CORE/Scripts/Character/CharComponents/CharSpell.cs
  artifactKey: Guid(9c8433a55f3278548af1311f44bccf4d) Importer(815301076,1909f56bfc062723c751e8b465ee728b)
Start importing Assets/CORE/Scripts/Character/CharComponents/CharSpell.cs using Guid(9c8433a55f3278548af1311f44bccf4d) Importer(815301076,1909f56bfc062723c751e8b465ee728b)  -> (artifact id: '02641987aa5d8ca44d499b28adbe3b4e') in 0.008564 seconds 
  Import took 0.012779 seconds .

========================================================================
Received Prepare
Registering precompiled user dll's ...
Registered in 0.003516 seconds.
Begin MonoManager ReloadAssembly
Native extension for WindowsStandalone target not found
Refreshing native plugins compatible for Editor in 1.49 ms, found 3 plugins.
Preloading 0 native plugins for Editor in 0.00 ms.
Mono: successfully reloaded assembly
- Completed reload, in  0.962 seconds
Domain Reload Profiling:
	ReloadAssembly (963ms)
		BeginReloadAssembly (95ms)
			ExecutionOrderSort (0ms)
			DisableScriptedObjects (6ms)
			BackupInstance (0ms)
			ReleaseScriptingObjects (0ms)
			CreateAndSetChildDomain (29ms)
		EndReloadAssembly (814ms)
			LoadAssemblies (74ms)
			RebuildTransferFunctionScriptingTraits (0ms)
			SetupTypeCache (284ms)
			ReleaseScriptCaches (1ms)
			RebuildScriptCaches (47ms)
			SetupLoadedEditorAssemblies (277ms)
				LogAssemblyErrors (0ms)
				InitializePlatformSupportModulesInManaged (5ms)
				SetLoadedEditorAssemblies (1ms)
				RefreshPlugins (2ms)
				BeforeProcessingInitializeOnLoad (95ms)
				ProcessInitializeOnLoadAttributes (162ms)
				ProcessInitializeOnLoadMethodAttributes (9ms)
				AfterProcessingInitializeOnLoad (4ms)
				EditorAssembliesLoaded (0ms)
			ExecutionOrderSort2 (0ms)
			AwakeInstancesAfterBackupRestoration (8ms)
Platform modules already initialized, skipping
Refreshing native plugins compatible for Editor in 0.78 ms, found 3 plugins.
Preloading 0 native plugins for Editor in 0.00 ms.
Unloading 2342 Unused Serialized files (Serialized files now loaded: 0)
System memory in use before: 104.7 MB.
System memory in use after: 104.9 MB.

Unloading 18 unused Assets to reduce memory usage. Loaded Objects now: 2821.
Total: 2.953000 ms (FindLiveObjects: 0.221300 ms CreateObjectMapping: 0.061200 ms MarkObjects: 2.624800 ms  DeleteObjects: 0.044300 ms)

AssetImportParameters requested are different than current active one (requested -> active):
  custom:framework-win-MediaFoundation: 216162199b28c13a410421893ffa2e32 -> 
  custom:video-decoder-ogg-theora: a1e56fd34408186e4bbccfd4996cb3dc -> 
  custom:container-muxer-webm: aa71ff27fc2769a1b78a27578f13a17b -> 
  custom:container-demuxer-webm: 4f35f7cbe854078d1ac9338744f61a02 -> 
  custom:container-demuxer-ogg: 62fdf1f143b41e24485cea50d1cbac27 -> 
  custom:video-encoder-webm-vp8: eb34c28f22e8b96e1ab97ce403110664 -> 
  custom:video-decoder-webm-vp8: 9c59270c3fd7afecdb556c50c9e8de78 -> 
  custom:audio-decoder-ogg-vorbis: bf7c407c2cedff20999df2af8eb42d56 -> 
  custom:audio-encoder-webm-vorbis: bf7c407c2cedff20999df2af8eb42d56 -> 
========================================================================
Received Prepare
Registering precompiled user dll's ...
Registered in 0.003667 seconds.
Begin MonoManager ReloadAssembly
Native extension for WindowsStandalone target not found
Refreshing native plugins compatible for Editor in 0.67 ms, found 3 plugins.
Preloading 0 native plugins for Editor in 0.00 ms.
Mono: successfully reloaded assembly
- Completed reload, in  0.868 seconds
Domain Reload Profiling:
	ReloadAssembly (869ms)
		BeginReloadAssembly (95ms)
			ExecutionOrderSort (0ms)
			DisableScriptedObjects (5ms)
			BackupInstance (0ms)
			ReleaseScriptingObjects (0ms)
			CreateAndSetChildDomain (29ms)
		EndReloadAssembly (720ms)
			LoadAssemblies (74ms)
			RebuildTransferFunctionScriptingTraits (0ms)
			SetupTypeCache (252ms)
			ReleaseScriptCaches (1ms)
			RebuildScriptCaches (44ms)
			SetupLoadedEditorAssemblies (256ms)
				LogAssemblyErrors (0ms)
				InitializePlatformSupportModulesInManaged (3ms)
				SetLoadedEditorAssemblies (0ms)
				RefreshPlugins (1ms)
				BeforeProcessingInitializeOnLoad (76ms)
				ProcessInitializeOnLoadAttributes (159ms)
				ProcessInitializeOnLoadMethodAttributes (11ms)
				AfterProcessingInitializeOnLoad (4ms)
				EditorAssembliesLoaded (0ms)
			ExecutionOrderSort2 (0ms)
			AwakeInstancesAfterBackupRestoration (15ms)
Platform modules already initialized, skipping
Refreshing native plugins compatible for Editor in 0.70 ms, found 3 plugins.
Preloading 0 native plugins for Editor in 0.00 ms.
Unloading 2342 Unused Serialized files (Serialized files now loaded: 0)
System memory in use before: 104.6 MB.
System memory in use after: 104.8 MB.

Unloading 18 unused Assets to reduce memory usage. Loaded Objects now: 2823.
Total: 3.009100 ms (FindLiveObjects: 0.214200 ms CreateObjectMapping: 0.058700 ms MarkObjects: 2.691500 ms  DeleteObjects: 0.043400 ms)

AssetImportParameters requested are different than current active one (requested -> active):
  custom:framework-win-MediaFoundation: 216162199b28c13a410421893ffa2e32 -> 
  custom:video-decoder-ogg-theora: a1e56fd34408186e4bbccfd4996cb3dc -> 
  custom:container-muxer-webm: aa71ff27fc2769a1b78a27578f13a17b -> 
  custom:container-demuxer-webm: 4f35f7cbe854078d1ac9338744f61a02 -> 
  custom:container-demuxer-ogg: 62fdf1f143b41e24485cea50d1cbac27 -> 
  custom:video-encoder-webm-vp8: eb34c28f22e8b96e1ab97ce403110664 -> 
  custom:video-decoder-webm-vp8: 9c59270c3fd7afecdb556c50c9e8de78 -> 
  custom:audio-decoder-ogg-vorbis: bf7c407c2cedff20999df2af8eb42d56 -> 
  custom:audio-encoder-webm-vorbis: bf7c407c2cedff20999df2af8eb42d56 -> 
========================================================================
Received Import Request.
  Time since last request: 130.727214 seconds.
  path: Assets/CORE/Scripts/Character/CharComponents/CharSpell.cs
  artifactKey: Guid(9c8433a55f3278548af1311f44bccf4d) Importer(815301076,1909f56bfc062723c751e8b465ee728b)
Start importing Assets/CORE/Scripts/Character/CharComponents/CharSpell.cs using Guid(9c8433a55f3278548af1311f44bccf4d) Importer(815301076,1909f56bfc062723c751e8b465ee728b)  -> (artifact id: 'fdcf7cc99265a2aa3cb307a70a211228') in 0.005406 seconds 
  Import took 0.008640 seconds .

========================================================================
Received Import Request.
  Time since last request: 11.651471 seconds.
  path: Assets/CORE/Prefabs/Player.prefab
  artifactKey: Guid(8921450aeea70fd41941c7821c23e84d) Importer(815301076,1909f56bfc062723c751e8b465ee728b)
Start importing Assets/CORE/Prefabs/Player.prefab using Guid(8921450aeea70fd41941c7821c23e84d) Importer(815301076,1909f56bfc062723c751e8b465ee728b)  -> (artifact id: '68c2844226f4cdd97b263b081ce9d9dc') in 0.099835 seconds 
  Import took 0.103988 seconds .

========================================================================
Received Import Request.
  Time since last request: 3.689661 seconds.
  path: Assets/CORE/Prefabs/Player.prefab
  artifactKey: Guid(8921450aeea70fd41941c7821c23e84d) Importer(815301076,1909f56bfc062723c751e8b465ee728b)
Start importing Assets/CORE/Prefabs/Player.prefab using Guid(8921450aeea70fd41941c7821c23e84d) Importer(815301076,1909f56bfc062723c751e8b465ee728b)  -> (artifact id: '01fe1418f11671aafef28d6f63729918') in 0.020803 seconds 
  Import took 0.024742 seconds .

========================================================================
Received Import Request.
  Time since last request: 25.368656 seconds.
  path: Assets/CORE/Prefabs/Player.prefab
  artifactKey: Guid(8921450aeea70fd41941c7821c23e84d) Importer(815301076,1909f56bfc062723c751e8b465ee728b)
Start importing Assets/CORE/Prefabs/Player.prefab using Guid(8921450aeea70fd41941c7821c23e84d) Importer(815301076,1909f56bfc062723c751e8b465ee728b)  -> (artifact id: '18316a3b16b7f4bc92c140b7d66dce9d') in 0.015048 seconds 
  Import took 0.019359 seconds .

========================================================================
Received Import Request.
  Time since last request: 1.072494 seconds.
  path: Assets/CORE/Prefabs/Player.prefab
  artifactKey: Guid(8921450aeea70fd41941c7821c23e84d) Importer(815301076,1909f56bfc062723c751e8b465ee728b)
Start importing Assets/CORE/Prefabs/Player.prefab using Guid(8921450aeea70fd41941c7821c23e84d) Importer(815301076,1909f56bfc062723c751e8b465ee728b)  -> (artifact id: '2217dc321ff3d0f84bc8ce04a151a9a5') in 0.015286 seconds 
  Import took 0.019367 seconds .

========================================================================
Received Prepare
Registering precompiled user dll's ...
Registered in 0.003313 seconds.
Begin MonoManager ReloadAssembly
Native extension for WindowsStandalone target not found
Refreshing native plugins compatible for Editor in 0.94 ms, found 3 plugins.
Preloading 0 native plugins for Editor in 0.00 ms.
Mono: successfully reloaded assembly
- Completed reload, in  0.901 seconds
Domain Reload Profiling:
	ReloadAssembly (901ms)
		BeginReloadAssembly (100ms)
			ExecutionOrderSort (0ms)
			DisableScriptedObjects (5ms)
			BackupInstance (0ms)
			ReleaseScriptingObjects (0ms)
			CreateAndSetChildDomain (32ms)
		EndReloadAssembly (741ms)
			LoadAssemblies (72ms)
			RebuildTransferFunctionScriptingTraits (0ms)
			SetupTypeCache (267ms)
			ReleaseScriptCaches (1ms)
			RebuildScriptCaches (39ms)
			SetupLoadedEditorAssemblies (272ms)
				LogAssemblyErrors (0ms)
				InitializePlatformSupportModulesInManaged (3ms)
				SetLoadedEditorAssemblies (0ms)
				RefreshPlugins (1ms)
				BeforeProcessingInitializeOnLoad (83ms)
				ProcessInitializeOnLoadAttributes (169ms)
				ProcessInitializeOnLoadMethodAttributes (11ms)
				AfterProcessingInitializeOnLoad (4ms)
				EditorAssembliesLoaded (0ms)
			ExecutionOrderSort2 (0ms)
			AwakeInstancesAfterBackupRestoration (8ms)
Platform modules already initialized, skipping
Refreshing native plugins compatible for Editor in 0.75 ms, found 3 plugins.
Preloading 0 native plugins for Editor in 0.00 ms.
Unloading 2342 Unused Serialized files (Serialized files now loaded: 0)
System memory in use before: 108.2 MB.
System memory in use after: 108.4 MB.

Unloading 18 unused Assets to reduce memory usage. Loaded Objects now: 2833.
Total: 3.138600 ms (FindLiveObjects: 0.200100 ms CreateObjectMapping: 0.059300 ms MarkObjects: 2.795100 ms  DeleteObjects: 0.082500 ms)

AssetImportParameters requested are different than current active one (requested -> active):
  custom:framework-win-MediaFoundation: 216162199b28c13a410421893ffa2e32 -> 
  custom:video-decoder-ogg-theora: a1e56fd34408186e4bbccfd4996cb3dc -> 
  custom:container-muxer-webm: aa71ff27fc2769a1b78a27578f13a17b -> 
  custom:container-demuxer-webm: 4f35f7cbe854078d1ac9338744f61a02 -> 
  custom:container-demuxer-ogg: 62fdf1f143b41e24485cea50d1cbac27 -> 
  custom:video-encoder-webm-vp8: eb34c28f22e8b96e1ab97ce403110664 -> 
  custom:video-decoder-webm-vp8: 9c59270c3fd7afecdb556c50c9e8de78 -> 
  custom:audio-decoder-ogg-vorbis: bf7c407c2cedff20999df2af8eb42d56 -> 
  custom:audio-encoder-webm-vorbis: bf7c407c2cedff20999df2af8eb42d56 -> 
========================================================================
Received Import Request.
  Time since last request: 1112.975665 seconds.
  path: Assets/CORE/Scripts/Weapon/SpellTypes.cs
  artifactKey: Guid(5d4883088c6ba784499e7f4f3a91fe96) Importer(815301076,1909f56bfc062723c751e8b465ee728b)
Start importing Assets/CORE/Scripts/Weapon/SpellTypes.cs using Guid(5d4883088c6ba784499e7f4f3a91fe96) Importer(815301076,1909f56bfc062723c751e8b465ee728b)  -> (artifact id: 'd40086c05c69310fb860e719f127b4b5') in 0.011414 seconds 
  Import took 0.015718 seconds .

========================================================================
Received Prepare
Registering precompiled user dll's ...
Registered in 0.003430 seconds.
Begin MonoManager ReloadAssembly
Native extension for WindowsStandalone target not found
Refreshing native plugins compatible for Editor in 0.77 ms, found 3 plugins.
Preloading 0 native plugins for Editor in 0.00 ms.
Mono: successfully reloaded assembly
- Completed reload, in  0.998 seconds
Domain Reload Profiling:
	ReloadAssembly (999ms)
		BeginReloadAssembly (111ms)
			ExecutionOrderSort (0ms)
			DisableScriptedObjects (7ms)
			BackupInstance (0ms)
			ReleaseScriptingObjects (0ms)
			CreateAndSetChildDomain (34ms)
		EndReloadAssembly (827ms)
			LoadAssemblies (74ms)
			RebuildTransferFunctionScriptingTraits (0ms)
			SetupTypeCache (279ms)
			ReleaseScriptCaches (1ms)
			RebuildScriptCaches (43ms)
			SetupLoadedEditorAssemblies (277ms)
				LogAssemblyErrors (0ms)
				InitializePlatformSupportModulesInManaged (4ms)
				SetLoadedEditorAssemblies (1ms)
				RefreshPlugins (1ms)
				BeforeProcessingInitializeOnLoad (87ms)
				ProcessInitializeOnLoadAttributes (165ms)
				ProcessInitializeOnLoadMethodAttributes (12ms)
				AfterProcessingInitializeOnLoad (8ms)
				EditorAssembliesLoaded (0ms)
			ExecutionOrderSort2 (0ms)
			AwakeInstancesAfterBackupRestoration (14ms)
Platform modules already initialized, skipping
Refreshing native plugins compatible for Editor in 3.34 ms, found 3 plugins.
Preloading 0 native plugins for Editor in 0.00 ms.
Unloading 2343 Unused Serialized files (Serialized files now loaded: 0)
System memory in use before: 108.2 MB.
System memory in use after: 108.4 MB.

Unloading 18 unused Assets to reduce memory usage. Loaded Objects now: 2836.
Total: 5.601200 ms (FindLiveObjects: 0.501200 ms CreateObjectMapping: 0.078900 ms MarkObjects: 4.961200 ms  DeleteObjects: 0.057600 ms)

AssetImportParameters requested are different than current active one (requested -> active):
  custom:framework-win-MediaFoundation: 216162199b28c13a410421893ffa2e32 -> 
  custom:video-decoder-ogg-theora: a1e56fd34408186e4bbccfd4996cb3dc -> 
  custom:container-muxer-webm: aa71ff27fc2769a1b78a27578f13a17b -> 
  custom:container-demuxer-webm: 4f35f7cbe854078d1ac9338744f61a02 -> 
  custom:container-demuxer-ogg: 62fdf1f143b41e24485cea50d1cbac27 -> 
  custom:video-encoder-webm-vp8: eb34c28f22e8b96e1ab97ce403110664 -> 
  custom:video-decoder-webm-vp8: 9c59270c3fd7afecdb556c50c9e8de78 -> 
  custom:audio-decoder-ogg-vorbis: bf7c407c2cedff20999df2af8eb42d56 -> 
  custom:audio-encoder-webm-vorbis: bf7c407c2cedff20999df2af8eb42d56 -> 
========================================================================
Received Prepare
Registering precompiled user dll's ...
Registered in 0.004013 seconds.
Begin MonoManager ReloadAssembly
Native extension for WindowsStandalone target not found
Refreshing native plugins compatible for Editor in 0.77 ms, found 3 plugins.
Preloading 0 native plugins for Editor in 0.00 ms.
Mono: successfully reloaded assembly
- Completed reload, in  0.871 seconds
Domain Reload Profiling:
	ReloadAssembly (871ms)
		BeginReloadAssembly (94ms)
			ExecutionOrderSort (0ms)
			DisableScriptedObjects (5ms)
			BackupInstance (0ms)
			ReleaseScriptingObjects (0ms)
			CreateAndSetChildDomain (27ms)
		EndReloadAssembly (718ms)
			LoadAssemblies (72ms)
			RebuildTransferFunctionScriptingTraits (0ms)
			SetupTypeCache (259ms)
			ReleaseScriptCaches (1ms)
			RebuildScriptCaches (40ms)
			SetupLoadedEditorAssemblies (256ms)
				LogAssemblyErrors (0ms)
				InitializePlatformSupportModulesInManaged (4ms)
				SetLoadedEditorAssemblies (0ms)
				RefreshPlugins (1ms)
				BeforeProcessingInitializeOnLoad (82ms)
				ProcessInitializeOnLoadAttributes (156ms)
				ProcessInitializeOnLoadMethodAttributes (9ms)
				AfterProcessingInitializeOnLoad (4ms)
				EditorAssembliesLoaded (0ms)
			ExecutionOrderSort2 (0ms)
			AwakeInstancesAfterBackupRestoration (7ms)
Platform modules already initialized, skipping
Refreshing native plugins compatible for Editor in 0.74 ms, found 3 plugins.
Preloading 0 native plugins for Editor in 0.00 ms.
Unloading 2342 Unused Serialized files (Serialized files now loaded: 0)
System memory in use before: 108.2 MB.
System memory in use after: 108.4 MB.

Unloading 19 unused Assets to reduce memory usage. Loaded Objects now: 2837.
Total: 3.085900 ms (FindLiveObjects: 0.262800 ms CreateObjectMapping: 0.065700 ms MarkObjects: 2.718200 ms  DeleteObjects: 0.037500 ms)

AssetImportParameters requested are different than current active one (requested -> active):
  custom:framework-win-MediaFoundation: 216162199b28c13a410421893ffa2e32 -> 
  custom:video-decoder-ogg-theora: a1e56fd34408186e4bbccfd4996cb3dc -> 
  custom:container-muxer-webm: aa71ff27fc2769a1b78a27578f13a17b -> 
  custom:container-demuxer-webm: 4f35f7cbe854078d1ac9338744f61a02 -> 
  custom:container-demuxer-ogg: 62fdf1f143b41e24485cea50d1cbac27 -> 
  custom:video-encoder-webm-vp8: eb34c28f22e8b96e1ab97ce403110664 -> 
  custom:video-decoder-webm-vp8: 9c59270c3fd7afecdb556c50c9e8de78 -> 
  custom:audio-decoder-ogg-vorbis: bf7c407c2cedff20999df2af8eb42d56 -> 
  custom:audio-encoder-webm-vorbis: bf7c407c2cedff20999df2af8eb42d56 -> 
========================================================================
Received Import Request.
  Time since last request: 17.187086 seconds.
  path: Assets/CORE/Scripts/Weapon/SpellTypes
  artifactKey: Guid(bfc3a075232601946abad1e196a6624f) Importer(815301076,1909f56bfc062723c751e8b465ee728b)
Start importing Assets/CORE/Scripts/Weapon/SpellTypes using Guid(bfc3a075232601946abad1e196a6624f) Importer(815301076,1909f56bfc062723c751e8b465ee728b)  -> (artifact id: '628c61c24a0c397ee49b27212f7ee5ae') in 0.005271 seconds 
  Import took 0.008800 seconds .

========================================================================
Received Import Request.
  Time since last request: 27.177074 seconds.
  path: Assets/CORE/Scripts/Weapon/SpellTypes/SingleShotSpell.cs
  artifactKey: Guid(d135b66a529ab384eb7a10d0ee869deb) Importer(815301076,1909f56bfc062723c751e8b465ee728b)
Start importing Assets/CORE/Scripts/Weapon/SpellTypes/SingleShotSpell.cs using Guid(d135b66a529ab384eb7a10d0ee869deb) Importer(815301076,1909f56bfc062723c751e8b465ee728b)  -> (artifact id: 'd3e88c1a534431d12b838fb13460b439') in 0.006972 seconds 
  Import took 0.010908 seconds .

========================================================================
Received Prepare
Registering precompiled user dll's ...
Registered in 0.003453 seconds.
Begin MonoManager ReloadAssembly
Native extension for WindowsStandalone target not found
Refreshing native plugins compatible for Editor in 1.40 ms, found 3 plugins.
Preloading 0 native plugins for Editor in 0.00 ms.
Mono: successfully reloaded assembly
- Completed reload, in  1.004 seconds
Domain Reload Profiling:
	ReloadAssembly (1004ms)
		BeginReloadAssembly (102ms)
			ExecutionOrderSort (0ms)
			DisableScriptedObjects (5ms)
			BackupInstance (0ms)
			ReleaseScriptingObjects (0ms)
			CreateAndSetChildDomain (31ms)
		EndReloadAssembly (848ms)
			LoadAssemblies (71ms)
			RebuildTransferFunctionScriptingTraits (0ms)
			SetupTypeCache (277ms)
			ReleaseScriptCaches (1ms)
			RebuildScriptCaches (105ms)
			SetupLoadedEditorAssemblies (271ms)
				LogAssemblyErrors (0ms)
				InitializePlatformSupportModulesInManaged (3ms)
				SetLoadedEditorAssemblies (1ms)
				RefreshPlugins (1ms)
				BeforeProcessingInitializeOnLoad (87ms)
				ProcessInitializeOnLoadAttributes (165ms)
				ProcessInitializeOnLoadMethodAttributes (9ms)
				AfterProcessingInitializeOnLoad (4ms)
				EditorAssembliesLoaded (0ms)
			ExecutionOrderSort2 (0ms)
			AwakeInstancesAfterBackupRestoration (8ms)
Platform modules already initialized, skipping
Refreshing native plugins compatible for Editor in 0.78 ms, found 3 plugins.
Preloading 0 native plugins for Editor in 0.00 ms.
Unloading 2343 Unused Serialized files (Serialized files now loaded: 0)
System memory in use before: 108.2 MB.
System memory in use after: 108.4 MB.

Unloading 18 unused Assets to reduce memory usage. Loaded Objects now: 2840.
Total: 3.524600 ms (FindLiveObjects: 0.313800 ms CreateObjectMapping: 0.071900 ms MarkObjects: 3.080000 ms  DeleteObjects: 0.057400 ms)

AssetImportParameters requested are different than current active one (requested -> active):
  custom:framework-win-MediaFoundation: 216162199b28c13a410421893ffa2e32 -> 
  custom:video-decoder-ogg-theora: a1e56fd34408186e4bbccfd4996cb3dc -> 
  custom:container-muxer-webm: aa71ff27fc2769a1b78a27578f13a17b -> 
  custom:container-demuxer-webm: 4f35f7cbe854078d1ac9338744f61a02 -> 
  custom:container-demuxer-ogg: 62fdf1f143b41e24485cea50d1cbac27 -> 
  custom:video-encoder-webm-vp8: eb34c28f22e8b96e1ab97ce403110664 -> 
  custom:video-decoder-webm-vp8: 9c59270c3fd7afecdb556c50c9e8de78 -> 
  custom:audio-decoder-ogg-vorbis: bf7c407c2cedff20999df2af8eb42d56 -> 
  custom:audio-encoder-webm-vorbis: bf7c407c2cedff20999df2af8eb42d56 -> 
========================================================================
Received Import Request.
  Time since last request: 650.287020 seconds.
  path: Assets/CORE/Scripts/Weapon/SpellTypes/SingleShotSpell.cs
  artifactKey: Guid(d135b66a529ab384eb7a10d0ee869deb) Importer(815301076,1909f56bfc062723c751e8b465ee728b)
Start importing Assets/CORE/Scripts/Weapon/SpellTypes/SingleShotSpell.cs using Guid(d135b66a529ab384eb7a10d0ee869deb) Importer(815301076,1909f56bfc062723c751e8b465ee728b)  -> (artifact id: 'cc3a06a81d9e911afa08258773a9e391') in 0.006417 seconds 
  Import took 0.010450 seconds .

========================================================================
Received Import Request.
  Time since last request: 8.748717 seconds.
  path: Assets/CORE/Scripts/Weapon/SpellTypes/Projectile.cs
  artifactKey: Guid(b48910aa2484b97498bca8a9ced51906) Importer(815301076,1909f56bfc062723c751e8b465ee728b)
Start importing Assets/CORE/Scripts/Weapon/SpellTypes/Projectile.cs using Guid(b48910aa2484b97498bca8a9ced51906) Importer(815301076,1909f56bfc062723c751e8b465ee728b)  -> (artifact id: 'aded69aec4d4435a6eb8c8e1ca469967') in 0.007458 seconds 
  Import took 0.011548 seconds .

========================================================================
Received Prepare
Registering precompiled user dll's ...
Registered in 0.175973 seconds.
Begin MonoManager ReloadAssembly
Native extension for WindowsStandalone target not found
Refreshing native plugins compatible for Editor in 0.69 ms, found 3 plugins.
Preloading 0 native plugins for Editor in 0.00 ms.
Mono: successfully reloaded assembly
- Completed reload, in  0.847 seconds
Domain Reload Profiling:
	ReloadAssembly (847ms)
		BeginReloadAssembly (101ms)
			ExecutionOrderSort (0ms)
			DisableScriptedObjects (5ms)
			BackupInstance (0ms)
			ReleaseScriptingObjects (0ms)
			CreateAndSetChildDomain (26ms)
		EndReloadAssembly (694ms)
			LoadAssemblies (71ms)
			RebuildTransferFunctionScriptingTraits (0ms)
			SetupTypeCache (243ms)
			ReleaseScriptCaches (1ms)
			RebuildScriptCaches (37ms)
			SetupLoadedEditorAssemblies (259ms)
				LogAssemblyErrors (0ms)
				InitializePlatformSupportModulesInManaged (3ms)
				SetLoadedEditorAssemblies (0ms)
				RefreshPlugins (1ms)
				BeforeProcessingInitializeOnLoad (78ms)
				ProcessInitializeOnLoadAttributes (163ms)
				ProcessInitializeOnLoadMethodAttributes (9ms)
				AfterProcessingInitializeOnLoad (4ms)
				EditorAssembliesLoaded (0ms)
			ExecutionOrderSort2 (0ms)
			AwakeInstancesAfterBackupRestoration (7ms)
Platform modules already initialized, skipping
Refreshing native plugins compatible for Editor in 1.19 ms, found 3 plugins.
Preloading 0 native plugins for Editor in 0.00 ms.
Unloading 2344 Unused Serialized files (Serialized files now loaded: 0)
System memory in use before: 108.1 MB.
System memory in use after: 108.3 MB.

Unloading 18 unused Assets to reduce memory usage. Loaded Objects now: 2843.
Total: 3.182100 ms (FindLiveObjects: 0.203500 ms CreateObjectMapping: 0.060900 ms MarkObjects: 2.879300 ms  DeleteObjects: 0.037500 ms)

AssetImportParameters requested are different than current active one (requested -> active):
  custom:framework-win-MediaFoundation: 216162199b28c13a410421893ffa2e32 -> 
  custom:video-decoder-ogg-theora: a1e56fd34408186e4bbccfd4996cb3dc -> 
  custom:container-muxer-webm: aa71ff27fc2769a1b78a27578f13a17b -> 
  custom:container-demuxer-webm: 4f35f7cbe854078d1ac9338744f61a02 -> 
  custom:container-demuxer-ogg: 62fdf1f143b41e24485cea50d1cbac27 -> 
  custom:video-encoder-webm-vp8: eb34c28f22e8b96e1ab97ce403110664 -> 
  custom:video-decoder-webm-vp8: 9c59270c3fd7afecdb556c50c9e8de78 -> 
  custom:audio-decoder-ogg-vorbis: bf7c407c2cedff20999df2af8eb42d56 -> 
  custom:audio-encoder-webm-vorbis: bf7c407c2cedff20999df2af8eb42d56 -> 
========================================================================
Received Import Request.
  Time since last request: 899.805967 seconds.
  path: Assets/CORE/Scripts/Weapon/SpellTypes/SingleShotSpell.cs
  artifactKey: Guid(d135b66a529ab384eb7a10d0ee869deb) Importer(815301076,1909f56bfc062723c751e8b465ee728b)
Start importing Assets/CORE/Scripts/Weapon/SpellTypes/SingleShotSpell.cs using Guid(d135b66a529ab384eb7a10d0ee869deb) Importer(815301076,1909f56bfc062723c751e8b465ee728b)  -> (artifact id: '4b12e9996fe1b7286766c8be9a998ace') in 0.009579 seconds 
  Import took 0.013392 seconds .

========================================================================
Received Import Request.
  Time since last request: 101.488625 seconds.
  path: Assets/CORE/Images/Sprites/Items/Practice Sword.png
  artifactKey: Guid(ce52845404842564e8a4088e17384544) Importer(815301076,1909f56bfc062723c751e8b465ee728b)
Start importing Assets/CORE/Images/Sprites/Items/Practice Sword.png using Guid(ce52845404842564e8a4088e17384544) Importer(815301076,1909f56bfc062723c751e8b465ee728b)  -> (artifact id: '58b4f7cc34e8adbb406551f06ed14218') in 0.070491 seconds 
  Import took 0.074314 seconds .

========================================================================
Received Import Request.
  Time since last request: 0.000173 seconds.
  path: Assets/GUI_Parts/Icons/skill_icon_04.png
  artifactKey: Guid(7092324b93851a14c858530cca4a6b26) Importer(815301076,1909f56bfc062723c751e8b465ee728b)
Start importing Assets/GUI_Parts/Icons/skill_icon_04.png using Guid(7092324b93851a14c858530cca4a6b26) Importer(815301076,1909f56bfc062723c751e8b465ee728b)  -> (artifact id: '2f57e8d04b76401e5a7a57047531227b') in 0.026114 seconds 
  Import took 0.029650 seconds .

========================================================================
Received Import Request.
  Time since last request: 0.000137 seconds.
  path: Assets/GUI_Parts/Icons/skill_icon_02.png
  artifactKey: Guid(2c04f4986ebc72e48a8b0c3eb2e42db2) Importer(815301076,1909f56bfc062723c751e8b465ee728b)
Start importing Assets/GUI_Parts/Icons/skill_icon_02.png using Guid(2c04f4986ebc72e48a8b0c3eb2e42db2) Importer(815301076,1909f56bfc062723c751e8b465ee728b)  -> (artifact id: 'c6458ee47dc45e239caa991ea16f9088') in 0.023022 seconds 
  Import took 0.026400 seconds .

========================================================================
Received Import Request.
  Time since last request: 0.000160 seconds.
  path: Assets/GUI_Parts/Icons/skill_icon_03.png
  artifactKey: Guid(8a5f9829a049c704fa992203bfc451f2) Importer(815301076,1909f56bfc062723c751e8b465ee728b)
Start importing Assets/GUI_Parts/Icons/skill_icon_03.png using Guid(8a5f9829a049c704fa992203bfc451f2) Importer(815301076,1909f56bfc062723c751e8b465ee728b)  -> (artifact id: 'a0bfb612311a9828f1c075bf833afc19') in 0.021947 seconds 
  Import took 0.025224 seconds .

========================================================================
Received Import Request.
  Time since last request: 0.000122 seconds.
  path: Assets/GUI_Parts/Icons/skill_icon_01.png
  artifactKey: Guid(2d089513ae4adfc48a683c362ad9992c) Importer(815301076,1909f56bfc062723c751e8b465ee728b)
Start importing Assets/GUI_Parts/Icons/skill_icon_01.png using Guid(2d089513ae4adfc48a683c362ad9992c) Importer(815301076,1909f56bfc062723c751e8b465ee728b)  -> (artifact id: 'ea862a02f6b27dbeb716158587cf14a4') in 0.021789 seconds 
  Import took 0.025146 seconds .

========================================================================
Received Import Request.
  Time since last request: 0.000158 seconds.
  path: Assets/CORE/Images/Sprites/Items/Sodas Stick.png
  artifactKey: Guid(c027d7b469d94f7469f2d4df7c0cbff8) Importer(815301076,1909f56bfc062723c751e8b465ee728b)
Start importing Assets/CORE/Images/Sprites/Items/Sodas Stick.png using Guid(c027d7b469d94f7469f2d4df7c0cbff8) Importer(815301076,1909f56bfc062723c751e8b465ee728b)  -> (artifact id: 'f2b9bc590f8efb2f755fa86fdc5f58c7') in 0.017235 seconds 
  Import took 0.020566 seconds .

========================================================================
Received Import Request.
  Time since last request: 22.588217 seconds.
  path: Assets/CORE/Images/Sprites/Items/Plate Boots.png
  artifactKey: Guid(2a25630ec6bc7a54298dddf09a09b1e5) Importer(815301076,1909f56bfc062723c751e8b465ee728b)
Start importing Assets/CORE/Images/Sprites/Items/Plate Boots.png using Guid(2a25630ec6bc7a54298dddf09a09b1e5) Importer(815301076,1909f56bfc062723c751e8b465ee728b)  -> (artifact id: '48f0daa54bb560f26bab4152c74881e4') in 0.018872 seconds 
  Import took 0.022675 seconds .

========================================================================
Received Import Request.
  Time since last request: 0.000208 seconds.
  path: Assets/CORE/Images/Sprites/Items/Rusty Sword.png
  artifactKey: Guid(784eff7f6b1d4d841b0ece82f3159c0f) Importer(815301076,1909f56bfc062723c751e8b465ee728b)
Start importing Assets/CORE/Images/Sprites/Items/Rusty Sword.png using Guid(784eff7f6b1d4d841b0ece82f3159c0f) Importer(815301076,1909f56bfc062723c751e8b465ee728b)  -> (artifact id: '385ca667e577ccf37223801803089395') in 0.019040 seconds 
  Import took 0.022412 seconds .

========================================================================
Received Import Request.
  Time since last request: 2.342338 seconds.
  path: Assets/CORE/Images/Sprites/Characters/Dog-01-2r.png
  artifactKey: Guid(6df64a231c70ef34b8cd11dd64651971) Importer(815301076,1909f56bfc062723c751e8b465ee728b)
Start importing Assets/CORE/Images/Sprites/Characters/Dog-01-2r.png using Guid(6df64a231c70ef34b8cd11dd64651971) Importer(815301076,1909f56bfc062723c751e8b465ee728b)  -> (artifact id: 'd1c41e151c07b6ba5e2d8d17f08b0ed4') in 0.016872 seconds 
  Import took 0.020654 seconds .

========================================================================
Received Import Request.
  Time since last request: 0.000139 seconds.
  path: Assets/CORE/Images/Sprites/Characters/fuku.png
  artifactKey: Guid(39a8763ab5885b54aa8519b933076ca1) Importer(815301076,1909f56bfc062723c751e8b465ee728b)
Start importing Assets/CORE/Images/Sprites/Characters/fuku.png using Guid(39a8763ab5885b54aa8519b933076ca1) Importer(815301076,1909f56bfc062723c751e8b465ee728b)  -> (artifact id: 'cdc295748d0796e0ed08a00dd3e832b4') in 0.017358 seconds 
  Import took 0.020758 seconds .

========================================================================
Received Import Request.
  Time since last request: 0.000141 seconds.
  path: Assets/CORE/Images/Sprites/Characters/Player.png
  artifactKey: Guid(f378ce4892d29b741a714e0f6ae46f8b) Importer(815301076,1909f56bfc062723c751e8b465ee728b)
Start importing Assets/CORE/Images/Sprites/Characters/Player.png using Guid(f378ce4892d29b741a714e0f6ae46f8b) Importer(815301076,1909f56bfc062723c751e8b465ee728b)  -> (artifact id: 'a07806e733b4ff65a93344bc89461b72') in 0.113564 seconds 
  Import took 0.116918 seconds .

========================================================================
Received Import Request.
  Time since last request: 0.000160 seconds.
  path: Assets/CORE/Images/Sprites/Characters/soda.png
  artifactKey: Guid(4e766d2543d3a5c4ebff31057ac034db) Importer(815301076,1909f56bfc062723c751e8b465ee728b)
Start importing Assets/CORE/Images/Sprites/Characters/soda.png using Guid(4e766d2543d3a5c4ebff31057ac034db) Importer(815301076,1909f56bfc062723c751e8b465ee728b)  -> (artifact id: 'bd676a559349ad0af7f7b8fb8e197a01') in 0.017937 seconds 
  Import took 0.021289 seconds .

========================================================================
Received Import Request.
  Time since last request: 0.000209 seconds.
  path: Assets/CORE/Images/Sprites/Characters/panda_bobby.png
  artifactKey: Guid(9889b154c32b12e4687fa723afe8a81b) Importer(815301076,1909f56bfc062723c751e8b465ee728b)
Start importing Assets/CORE/Images/Sprites/Characters/panda_bobby.png using Guid(9889b154c32b12e4687fa723afe8a81b) Importer(815301076,1909f56bfc062723c751e8b465ee728b)  -> (artifact id: '35f11667dbe4d27baab4385f5c1c6351') in 0.017575 seconds 
  Import took 0.021017 seconds .

========================================================================
Received Import Request.
  Time since last request: 214.426880 seconds.
  path: Assets/CORE/Images/Sprites/Effects/IcePick_64x64.png
  artifactKey: Guid(e70b0ccb4c14d9442b2ceff2e60c16e2) Importer(815301076,1909f56bfc062723c751e8b465ee728b)
Start importing Assets/CORE/Images/Sprites/Effects/IcePick_64x64.png using Guid(e70b0ccb4c14d9442b2ceff2e60c16e2) Importer(815301076,1909f56bfc062723c751e8b465ee728b)  -> (artifact id: '3dadafa648aedc151ac09b1ef6d01c82') in 0.014962 seconds 
  Import took 0.018605 seconds .

========================================================================
Received Import Request.
  Time since last request: 12.888050 seconds.
  path: Assets/CORE/Images/Sprites/Effects/IcePick_64x64.png
  artifactKey: Guid(e70b0ccb4c14d9442b2ceff2e60c16e2) Importer(815301076,1909f56bfc062723c751e8b465ee728b)
Start importing Assets/CORE/Images/Sprites/Effects/IcePick_64x64.png using Guid(e70b0ccb4c14d9442b2ceff2e60c16e2) Importer(815301076,1909f56bfc062723c751e8b465ee728b)  -> (artifact id: 'c5b6f452dc48722bb7ff8e41376b481d') in 0.013945 seconds 
  Import took 0.017748 seconds .

========================================================================
Received Import Request.
  Time since last request: 19.795526 seconds.
  path: Assets/CORE/Images/Sprites/Effects/IcePick_64x64.png
  artifactKey: Guid(e70b0ccb4c14d9442b2ceff2e60c16e2) Importer(815301076,1909f56bfc062723c751e8b465ee728b)
Start importing Assets/CORE/Images/Sprites/Effects/IcePick_64x64.png using Guid(e70b0ccb4c14d9442b2ceff2e60c16e2) Importer(815301076,1909f56bfc062723c751e8b465ee728b)  -> (artifact id: 'a30c932418700fac4a91f114b0a2fab7') in 0.060090 seconds 
  Import took 0.064258 seconds .

========================================================================
Received Import Request.
  Time since last request: 15.076277 seconds.
  path: Assets/CORE/Animations/Spells
  artifactKey: Guid(c337008bffaf36a4eb086ff5826d6091) Importer(815301076,1909f56bfc062723c751e8b465ee728b)
Start importing Assets/CORE/Animations/Spells using Guid(c337008bffaf36a4eb086ff5826d6091) Importer(815301076,1909f56bfc062723c751e8b465ee728b)  -> (artifact id: '7203f72dbea894510c390cb5e493eb0d') in 0.006413 seconds 
  Import took 0.009858 seconds .

========================================================================
Received Import Request.
  Time since last request: 6.401819 seconds.
  path: Assets/CORE/Animations/Spells/IceSpike
  artifactKey: Guid(b88fdef19042bb64eae62a4288a085ca) Importer(815301076,1909f56bfc062723c751e8b465ee728b)
Start importing Assets/CORE/Animations/Spells/IceSpike using Guid(b88fdef19042bb64eae62a4288a085ca) Importer(815301076,1909f56bfc062723c751e8b465ee728b)  -> (artifact id: 'ca5ff13f3684858f201c0e5d00eb6cc8') in 0.006728 seconds 
  Import took 0.010188 seconds .

========================================================================
Received Import Request.
  Time since last request: 29.554402 seconds.
  path: Assets/CORE/Images/Sprites/Effects/IcePick_64x64.png
  artifactKey: Guid(e70b0ccb4c14d9442b2ceff2e60c16e2) Importer(815301076,1909f56bfc062723c751e8b465ee728b)
Start importing Assets/CORE/Images/Sprites/Effects/IcePick_64x64.png using Guid(e70b0ccb4c14d9442b2ceff2e60c16e2) Importer(815301076,1909f56bfc062723c751e8b465ee728b)  -> (artifact id: '38184d6552dc3f2c86a6e8f9e35a0695') in 0.055634 seconds 
  Import took 0.059423 seconds .

========================================================================
Received Import Request.
  Time since last request: 3.573396 seconds.
  path: Assets/CORE/Images/Sprites/Effects/IcePick_64x64.png
  artifactKey: Guid(e70b0ccb4c14d9442b2ceff2e60c16e2) Importer(815301076,1909f56bfc062723c751e8b465ee728b)
Start importing Assets/CORE/Images/Sprites/Effects/IcePick_64x64.png using Guid(e70b0ccb4c14d9442b2ceff2e60c16e2) Importer(815301076,1909f56bfc062723c751e8b465ee728b)  -> (artifact id: 'e4befb4c45160e13934469aa74e985b5') in 0.061904 seconds 
  Import took 0.065636 seconds .

========================================================================
Received Import Request.
  Time since last request: 97.991332 seconds.
  path: Assets/CORE/Images/Sprites/Effects/IcePick_64x64.png
  artifactKey: Guid(e70b0ccb4c14d9442b2ceff2e60c16e2) Importer(815301076,1909f56bfc062723c751e8b465ee728b)
Start importing Assets/CORE/Images/Sprites/Effects/IcePick_64x64.png using Guid(e70b0ccb4c14d9442b2ceff2e60c16e2) Importer(815301076,1909f56bfc062723c751e8b465ee728b)  -> (artifact id: '52f88a683f12352f688e1581a75ed58f') in 0.071605 seconds 
  Import took 0.075341 seconds .

========================================================================
Received Import Request.
  Time since last request: 113.462882 seconds.
  path: Assets/CORE/Prefabs/Player.prefab
  artifactKey: Guid(8921450aeea70fd41941c7821c23e84d) Importer(815301076,1909f56bfc062723c751e8b465ee728b)
Start importing Assets/CORE/Prefabs/Player.prefab using Guid(8921450aeea70fd41941c7821c23e84d) Importer(815301076,1909f56bfc062723c751e8b465ee728b)  -> (artifact id: '50f937a037780a2e96de7a087753dd2b') in 0.119160 seconds 
  Import took 0.122890 seconds .

========================================================================
Received Import Request.
  Time since last request: 5.684674 seconds.
  path: Assets/CORE/Prefabs/Player.prefab
  artifactKey: Guid(8921450aeea70fd41941c7821c23e84d) Importer(815301076,1909f56bfc062723c751e8b465ee728b)
Start importing Assets/CORE/Prefabs/Player.prefab using Guid(8921450aeea70fd41941c7821c23e84d) Importer(815301076,1909f56bfc062723c751e8b465ee728b)  -> (artifact id: 'f8e39e9e26a8767b5fae28689ba6f523') in 0.014479 seconds 
  Import took 0.018423 seconds .

========================================================================
Received Import Request.
  Time since last request: 2.594979 seconds.
  path: Assets/CORE/Prefabs/Player.prefab
  artifactKey: Guid(8921450aeea70fd41941c7821c23e84d) Importer(815301076,1909f56bfc062723c751e8b465ee728b)
Start importing Assets/CORE/Prefabs/Player.prefab using Guid(8921450aeea70fd41941c7821c23e84d) Importer(815301076,1909f56bfc062723c751e8b465ee728b)  -> (artifact id: '4a141fba5086af87b71774ea0ed05469') in 0.014086 seconds 
  Import took 0.017818 seconds .

========================================================================
Received Import Request.
  Time since last request: 46.807432 seconds.
  path: Assets/CORE/Prefabs/Player.prefab
  artifactKey: Guid(8921450aeea70fd41941c7821c23e84d) Importer(815301076,1909f56bfc062723c751e8b465ee728b)
Start importing Assets/CORE/Prefabs/Player.prefab using Guid(8921450aeea70fd41941c7821c23e84d) Importer(815301076,1909f56bfc062723c751e8b465ee728b)  -> (artifact id: '97e485ae7407615788daf3ea285551ec') in 0.018642 seconds 
  Import took 0.022357 seconds .

========================================================================
Received Import Request.
  Time since last request: 6.628210 seconds.
  path: Assets/CORE/Prefabs/Player.prefab
  artifactKey: Guid(8921450aeea70fd41941c7821c23e84d) Importer(815301076,1909f56bfc062723c751e8b465ee728b)
Start importing Assets/CORE/Prefabs/Player.prefab using Guid(8921450aeea70fd41941c7821c23e84d) Importer(815301076,1909f56bfc062723c751e8b465ee728b)  -> (artifact id: '02444bf99f1acf72e326b58439db0df1') in 0.016444 seconds 
  Import took 0.020294 seconds .

========================================================================
Received Import Request.
  Time since last request: 3.797487 seconds.
  path: Assets/CORE/Prefabs/Player.prefab
  artifactKey: Guid(8921450aeea70fd41941c7821c23e84d) Importer(815301076,1909f56bfc062723c751e8b465ee728b)
Start importing Assets/CORE/Prefabs/Player.prefab using Guid(8921450aeea70fd41941c7821c23e84d) Importer(815301076,1909f56bfc062723c751e8b465ee728b)  -> (artifact id: '4d58247350dca848402324cc2b5931c5') in 0.014531 seconds 
  Import took 0.018396 seconds .

========================================================================
Received Import Request.
  Time since last request: 6.434993 seconds.
  path: Assets/CORE/Prefabs/Player.prefab
  artifactKey: Guid(8921450aeea70fd41941c7821c23e84d) Importer(815301076,1909f56bfc062723c751e8b465ee728b)
Start importing Assets/CORE/Prefabs/Player.prefab using Guid(8921450aeea70fd41941c7821c23e84d) Importer(815301076,1909f56bfc062723c751e8b465ee728b)  -> (artifact id: '1aaeca64be292024b15c10766b531333') in 0.013482 seconds 
  Import took 0.017465 seconds .

========================================================================
Received Import Request.
  Time since last request: 225.850808 seconds.
  path: Assets/CORE/Prefabs/Player.prefab
  artifactKey: Guid(8921450aeea70fd41941c7821c23e84d) Importer(815301076,1909f56bfc062723c751e8b465ee728b)
Start importing Assets/CORE/Prefabs/Player.prefab using Guid(8921450aeea70fd41941c7821c23e84d) Importer(815301076,1909f56bfc062723c751e8b465ee728b)  -> (artifact id: 'a62b8167898c8130e56d27429aa03f8d') in 0.015224 seconds 
  Import took 0.019285 seconds .

========================================================================
Received Import Request.
  Time since last request: 4.204740 seconds.
  path: Assets/CORE/Prefabs/Player.prefab
  artifactKey: Guid(8921450aeea70fd41941c7821c23e84d) Importer(815301076,1909f56bfc062723c751e8b465ee728b)
Start importing Assets/CORE/Prefabs/Player.prefab using Guid(8921450aeea70fd41941c7821c23e84d) Importer(815301076,1909f56bfc062723c751e8b465ee728b)  -> (artifact id: '2b2414acc2589e8c46b30706b08607ee') in 0.013710 seconds 
  Import took 0.017837 seconds .

========================================================================
Received Import Request.
  Time since last request: 50.328600 seconds.
  path: Assets/CORE/Prefabs/Player.prefab
  artifactKey: Guid(8921450aeea70fd41941c7821c23e84d) Importer(815301076,1909f56bfc062723c751e8b465ee728b)
Start importing Assets/CORE/Prefabs/Player.prefab using Guid(8921450aeea70fd41941c7821c23e84d) Importer(815301076,1909f56bfc062723c751e8b465ee728b)  -> (artifact id: '667e97c81cef0761a46adae50b9c069b') in 0.015476 seconds 
  Import took 0.019464 seconds .

========================================================================
Received Import Request.
  Time since last request: 541.026933 seconds.
  path: Assets/CORE/Scripts/Utility/ReturnToPool.cs
  artifactKey: Guid(95c97dfbf79c5ed48b63dd534b04f2a8) Importer(815301076,1909f56bfc062723c751e8b465ee728b)
Start importing Assets/CORE/Scripts/Utility/ReturnToPool.cs using Guid(95c97dfbf79c5ed48b63dd534b04f2a8) Importer(815301076,1909f56bfc062723c751e8b465ee728b)  -> (artifact id: 'e9099238055eaae225825917b60e8e6c') in 0.008455 seconds 
  Import took 0.012972 seconds .

========================================================================
Received Import Request.
  Time since last request: 44.886585 seconds.
  path: Assets/CORE/Scripts/Utility/Lib.cs
  artifactKey: Guid(4b1b28a758b6120438bc7d4ba0d1d2ad) Importer(815301076,1909f56bfc062723c751e8b465ee728b)
Start importing Assets/CORE/Scripts/Utility/Lib.cs using Guid(4b1b28a758b6120438bc7d4ba0d1d2ad) Importer(815301076,1909f56bfc062723c751e8b465ee728b)  -> (artifact id: '9b208364c613ed5b5eb1c7780dec26a4') in 0.007894 seconds 
  Import took 0.011415 seconds .

========================================================================
Received Import Request.
  Time since last request: 69.034924 seconds.
  path: Assets/CORE/Prefabs/Spells
  artifactKey: Guid(828cd48e9a6d66c47b0331533e6e1c33) Importer(815301076,1909f56bfc062723c751e8b465ee728b)
Start importing Assets/CORE/Prefabs/Spells using Guid(828cd48e9a6d66c47b0331533e6e1c33) Importer(815301076,1909f56bfc062723c751e8b465ee728b)  -> (artifact id: 'e4ae2b8422548004dfb5ab856535c9dd') in 0.006495 seconds 
  Import took 0.010138 seconds .

========================================================================
Received Import Request.
  Time since last request: 6.959765 seconds.
  path: Assets/CORE/Prefabs/Spells/Projectiles
  artifactKey: Guid(ee58b57042906234e920c52015325c65) Importer(815301076,1909f56bfc062723c751e8b465ee728b)
Start importing Assets/CORE/Prefabs/Spells/Projectiles using Guid(ee58b57042906234e920c52015325c65) Importer(815301076,1909f56bfc062723c751e8b465ee728b)  -> (artifact id: '6632f4ac026c9a9de18f1fc085072e5f') in 0.007260 seconds 
  Import took 0.010714 seconds .

========================================================================
Received Import Request.
  Time since last request: 8.539499 seconds.
  path: Assets/CORE/Prefabs/Spells/SpellTypes
  artifactKey: Guid(f60f5268db7f076469641e265479d669) Importer(815301076,1909f56bfc062723c751e8b465ee728b)
Start importing Assets/CORE/Prefabs/Spells/SpellTypes using Guid(f60f5268db7f076469641e265479d669) Importer(815301076,1909f56bfc062723c751e8b465ee728b)  -> (artifact id: 'e90ea1af03be6b1432af7c94d6e18cdd') in 0.005968 seconds 
  Import took 0.009416 seconds .

========================================================================
Received Import Request.
  Time since last request: 5.321848 seconds.
  path: Assets/CORE/Prefabs/Spells/Projectiles/IceProjectile.prefab
  artifactKey: Guid(273384a634e2d504b86632b6e59563d6) Importer(815301076,1909f56bfc062723c751e8b465ee728b)
Start importing Assets/CORE/Prefabs/Spells/Projectiles/IceProjectile.prefab using Guid(273384a634e2d504b86632b6e59563d6) Importer(815301076,1909f56bfc062723c751e8b465ee728b)  -> (artifact id: '3a578b24932ed9ebcbb2909e831ff7ae') in 0.017330 seconds 
  Import took 0.020948 seconds .

========================================================================
Received Import Request.
  Time since last request: 6.807084 seconds.
  path: Assets/CORE/Prefabs/Spells/SpellTypes/IceSpikeSpell.prefab
  artifactKey: Guid(f4688d0498bba994b961cebd084295cb) Importer(815301076,1909f56bfc062723c751e8b465ee728b)
Start importing Assets/CORE/Prefabs/Spells/SpellTypes/IceSpikeSpell.prefab using Guid(f4688d0498bba994b961cebd084295cb) Importer(815301076,1909f56bfc062723c751e8b465ee728b)  -> (artifact id: 'bed7543399f19225916f48e69a8f0e2f') in 0.009737 seconds 
  Import took 0.013758 seconds .

========================================================================
Received Import Request.
  Time since last request: 19.948559 seconds.
  path: Assets/CORE/Prefabs/Spells/SpellTypes/IceSpikeSpell.prefab
  artifactKey: Guid(f4688d0498bba994b961cebd084295cb) Importer(815301076,1909f56bfc062723c751e8b465ee728b)
Start importing Assets/CORE/Prefabs/Spells/SpellTypes/IceSpikeSpell.prefab using Guid(f4688d0498bba994b961cebd084295cb) Importer(815301076,1909f56bfc062723c751e8b465ee728b)  -> (artifact id: '0230c4a191a5b949f09e5ee91dff4ca1') in 0.005380 seconds 
  Import took 0.009454 seconds .

========================================================================
Received Prepare
Registering precompiled user dll's ...
Registered in 0.004785 seconds.
Begin MonoManager ReloadAssembly
Native extension for WindowsStandalone target not found
Refreshing native plugins compatible for Editor in 0.79 ms, found 3 plugins.
Preloading 0 native plugins for Editor in 0.00 ms.
Mono: successfully reloaded assembly
- Completed reload, in  0.852 seconds
Domain Reload Profiling:
	ReloadAssembly (853ms)
		BeginReloadAssembly (100ms)
			ExecutionOrderSort (0ms)
			DisableScriptedObjects (5ms)
			BackupInstance (0ms)
			ReleaseScriptingObjects (0ms)
			CreateAndSetChildDomain (30ms)
		EndReloadAssembly (699ms)
			LoadAssemblies (68ms)
			RebuildTransferFunctionScriptingTraits (0ms)
			SetupTypeCache (246ms)
			ReleaseScriptCaches (1ms)
			RebuildScriptCaches (40ms)
			SetupLoadedEditorAssemblies (256ms)
				LogAssemblyErrors (0ms)
				InitializePlatformSupportModulesInManaged (4ms)
				SetLoadedEditorAssemblies (0ms)
				RefreshPlugins (1ms)
				BeforeProcessingInitializeOnLoad (83ms)
				ProcessInitializeOnLoadAttributes (154ms)
				ProcessInitializeOnLoadMethodAttributes (9ms)
				AfterProcessingInitializeOnLoad (4ms)
				EditorAssembliesLoaded (0ms)
			ExecutionOrderSort2 (0ms)
			AwakeInstancesAfterBackupRestoration (7ms)
Platform modules already initialized, skipping
Refreshing native plugins compatible for Editor in 0.80 ms, found 3 plugins.
Preloading 0 native plugins for Editor in 0.00 ms.
Unloading 2344 Unused Serialized files (Serialized files now loaded: 0)
System memory in use before: 108.4 MB.
System memory in use after: 108.6 MB.

Unloading 18 unused Assets to reduce memory usage. Loaded Objects now: 2856.
Total: 3.386800 ms (FindLiveObjects: 0.366800 ms CreateObjectMapping: 0.156500 ms MarkObjects: 2.822500 ms  DeleteObjects: 0.039500 ms)

AssetImportParameters requested are different than current active one (requested -> active):
  custom:framework-win-MediaFoundation: 216162199b28c13a410421893ffa2e32 -> 
  custom:video-decoder-ogg-theora: a1e56fd34408186e4bbccfd4996cb3dc -> 
  custom:container-muxer-webm: aa71ff27fc2769a1b78a27578f13a17b -> 
  custom:container-demuxer-webm: 4f35f7cbe854078d1ac9338744f61a02 -> 
  custom:container-demuxer-ogg: 62fdf1f143b41e24485cea50d1cbac27 -> 
  custom:video-encoder-webm-vp8: eb34c28f22e8b96e1ab97ce403110664 -> 
  custom:video-decoder-webm-vp8: 9c59270c3fd7afecdb556c50c9e8de78 -> 
  custom:audio-decoder-ogg-vorbis: bf7c407c2cedff20999df2af8eb42d56 -> 
  custom:audio-encoder-webm-vorbis: bf7c407c2cedff20999df2af8eb42d56 -> 
========================================================================
Received Prepare
Registering precompiled user dll's ...
Registered in 0.003534 seconds.
Begin MonoManager ReloadAssembly
Native extension for WindowsStandalone target not found
Refreshing native plugins compatible for Editor in 0.70 ms, found 3 plugins.
Preloading 0 native plugins for Editor in 0.00 ms.
Mono: successfully reloaded assembly
- Completed reload, in  0.885 seconds
Domain Reload Profiling:
	ReloadAssembly (886ms)
		BeginReloadAssembly (97ms)
			ExecutionOrderSort (0ms)
			DisableScriptedObjects (5ms)
			BackupInstance (0ms)
			ReleaseScriptingObjects (0ms)
			CreateAndSetChildDomain (28ms)
		EndReloadAssembly (735ms)
			LoadAssemblies (71ms)
			RebuildTransferFunctionScriptingTraits (0ms)
			SetupTypeCache (261ms)
			ReleaseScriptCaches (1ms)
			RebuildScriptCaches (40ms)
			SetupLoadedEditorAssemblies (271ms)
				LogAssemblyErrors (0ms)
				InitializePlatformSupportModulesInManaged (3ms)
				SetLoadedEditorAssemblies (0ms)
				RefreshPlugins (1ms)
				BeforeProcessingInitializeOnLoad (89ms)
				ProcessInitializeOnLoadAttributes (165ms)
				ProcessInitializeOnLoadMethodAttributes (9ms)
				AfterProcessingInitializeOnLoad (4ms)
				EditorAssembliesLoaded (0ms)
			ExecutionOrderSort2 (0ms)
			AwakeInstancesAfterBackupRestoration (7ms)
Platform modules already initialized, skipping
Refreshing native plugins compatible for Editor in 0.80 ms, found 3 plugins.
Preloading 0 native plugins for Editor in 0.00 ms.
Unloading 2344 Unused Serialized files (Serialized files now loaded: 0)
System memory in use before: 108.4 MB.
System memory in use after: 108.6 MB.

Unloading 18 unused Assets to reduce memory usage. Loaded Objects now: 2858.
Total: 3.070000 ms (FindLiveObjects: 0.286900 ms CreateObjectMapping: 0.061800 ms MarkObjects: 2.681900 ms  DeleteObjects: 0.038500 ms)

AssetImportParameters requested are different than current active one (requested -> active):
  custom:framework-win-MediaFoundation: 216162199b28c13a410421893ffa2e32 -> 
  custom:video-decoder-ogg-theora: a1e56fd34408186e4bbccfd4996cb3dc -> 
  custom:container-muxer-webm: aa71ff27fc2769a1b78a27578f13a17b -> 
  custom:container-demuxer-webm: 4f35f7cbe854078d1ac9338744f61a02 -> 
  custom:container-demuxer-ogg: 62fdf1f143b41e24485cea50d1cbac27 -> 
  custom:video-encoder-webm-vp8: eb34c28f22e8b96e1ab97ce403110664 -> 
  custom:video-decoder-webm-vp8: 9c59270c3fd7afecdb556c50c9e8de78 -> 
  custom:audio-decoder-ogg-vorbis: bf7c407c2cedff20999df2af8eb42d56 -> 
  custom:audio-encoder-webm-vorbis: bf7c407c2cedff20999df2af8eb42d56 -> 
========================================================================
Received Prepare
Registering precompiled user dll's ...
Registered in 0.003130 seconds.
Begin MonoManager ReloadAssembly
Native extension for WindowsStandalone target not found
Refreshing native plugins compatible for Editor in 0.95 ms, found 3 plugins.
Preloading 0 native plugins for Editor in 0.00 ms.
Mono: successfully reloaded assembly
- Completed reload, in  0.863 seconds
Domain Reload Profiling:
	ReloadAssembly (863ms)
		BeginReloadAssembly (90ms)
			ExecutionOrderSort (0ms)
			DisableScriptedObjects (5ms)
			BackupInstance (0ms)
			ReleaseScriptingObjects (0ms)
			CreateAndSetChildDomain (27ms)
		EndReloadAssembly (719ms)
			LoadAssemblies (70ms)
			RebuildTransferFunctionScriptingTraits (0ms)
			SetupTypeCache (241ms)
			ReleaseScriptCaches (1ms)
			RebuildScriptCaches (40ms)
			SetupLoadedEditorAssemblies (278ms)
				LogAssemblyErrors (0ms)
				InitializePlatformSupportModulesInManaged (3ms)
				SetLoadedEditorAssemblies (0ms)
				RefreshPlugins (1ms)
				BeforeProcessingInitializeOnLoad (89ms)
				ProcessInitializeOnLoadAttributes (170ms)
				ProcessInitializeOnLoadMethodAttributes (10ms)
				AfterProcessingInitializeOnLoad (4ms)
				EditorAssembliesLoaded (0ms)
			ExecutionOrderSort2 (0ms)
			AwakeInstancesAfterBackupRestoration (8ms)
Platform modules already initialized, skipping
Refreshing native plugins compatible for Editor in 0.72 ms, found 3 plugins.
Preloading 0 native plugins for Editor in 0.00 ms.
Unloading 2344 Unused Serialized files (Serialized files now loaded: 0)
System memory in use before: 108.4 MB.
System memory in use after: 108.6 MB.

Unloading 18 unused Assets to reduce memory usage. Loaded Objects now: 2860.
Total: 3.229500 ms (FindLiveObjects: 0.221300 ms CreateObjectMapping: 0.064500 ms MarkObjects: 2.903300 ms  DeleteObjects: 0.039400 ms)

AssetImportParameters requested are different than current active one (requested -> active):
  custom:framework-win-MediaFoundation: 216162199b28c13a410421893ffa2e32 -> 
  custom:video-decoder-ogg-theora: a1e56fd34408186e4bbccfd4996cb3dc -> 
  custom:container-muxer-webm: aa71ff27fc2769a1b78a27578f13a17b -> 
  custom:container-demuxer-webm: 4f35f7cbe854078d1ac9338744f61a02 -> 
  custom:container-demuxer-ogg: 62fdf1f143b41e24485cea50d1cbac27 -> 
  custom:video-encoder-webm-vp8: eb34c28f22e8b96e1ab97ce403110664 -> 
  custom:video-decoder-webm-vp8: 9c59270c3fd7afecdb556c50c9e8de78 -> 
  custom:audio-decoder-ogg-vorbis: bf7c407c2cedff20999df2af8eb42d56 -> 
  custom:audio-encoder-webm-vorbis: bf7c407c2cedff20999df2af8eb42d56 -> 
========================================================================
Received Prepare
Registering precompiled user dll's ...
Registered in 0.003211 seconds.
Begin MonoManager ReloadAssembly
Native extension for WindowsStandalone target not found
Refreshing native plugins compatible for Editor in 1.01 ms, found 3 plugins.
Preloading 0 native plugins for Editor in 0.00 ms.
Mono: successfully reloaded assembly
- Completed reload, in  0.872 seconds
Domain Reload Profiling:
	ReloadAssembly (873ms)
		BeginReloadAssembly (102ms)
			ExecutionOrderSort (0ms)
			DisableScriptedObjects (6ms)
			BackupInstance (0ms)
			ReleaseScriptingObjects (0ms)
			CreateAndSetChildDomain (29ms)
		EndReloadAssembly (715ms)
			LoadAssemblies (73ms)
			RebuildTransferFunctionScriptingTraits (0ms)
			SetupTypeCache (256ms)
			ReleaseScriptCaches (1ms)
			RebuildScriptCaches (37ms)
			SetupLoadedEditorAssemblies (250ms)
				LogAssemblyErrors (0ms)
				InitializePlatformSupportModulesInManaged (4ms)
				SetLoadedEditorAssemblies (0ms)
				RefreshPlugins (1ms)
				BeforeProcessingInitializeOnLoad (79ms)
				ProcessInitializeOnLoadAttributes (153ms)
				ProcessInitializeOnLoadMethodAttributes (9ms)
				AfterProcessingInitializeOnLoad (4ms)
				EditorAssembliesLoaded (0ms)
			ExecutionOrderSort2 (0ms)
			AwakeInstancesAfterBackupRestoration (7ms)
Platform modules already initialized, skipping
Refreshing native plugins compatible for Editor in 0.95 ms, found 3 plugins.
Preloading 0 native plugins for Editor in 0.00 ms.
Unloading 2344 Unused Serialized files (Serialized files now loaded: 0)
System memory in use before: 108.4 MB.
System memory in use after: 108.6 MB.

Unloading 18 unused Assets to reduce memory usage. Loaded Objects now: 2862.
Total: 2.817300 ms (FindLiveObjects: 0.204300 ms CreateObjectMapping: 0.059600 ms MarkObjects: 2.520600 ms  DeleteObjects: 0.031800 ms)

AssetImportParameters requested are different than current active one (requested -> active):
  custom:framework-win-MediaFoundation: 216162199b28c13a410421893ffa2e32 -> 
  custom:video-decoder-ogg-theora: a1e56fd34408186e4bbccfd4996cb3dc -> 
  custom:container-muxer-webm: aa71ff27fc2769a1b78a27578f13a17b -> 
  custom:container-demuxer-webm: 4f35f7cbe854078d1ac9338744f61a02 -> 
  custom:container-demuxer-ogg: 62fdf1f143b41e24485cea50d1cbac27 -> 
  custom:video-encoder-webm-vp8: eb34c28f22e8b96e1ab97ce403110664 -> 
  custom:video-decoder-webm-vp8: 9c59270c3fd7afecdb556c50c9e8de78 -> 
  custom:audio-decoder-ogg-vorbis: bf7c407c2cedff20999df2af8eb42d56 -> 
  custom:audio-encoder-webm-vorbis: bf7c407c2cedff20999df2af8eb42d56 -> 
========================================================================
Received Prepare
Registering precompiled user dll's ...
Registered in 0.003232 seconds.
Begin MonoManager ReloadAssembly
Native extension for WindowsStandalone target not found
Refreshing native plugins compatible for Editor in 1.04 ms, found 3 plugins.
Preloading 0 native plugins for Editor in 0.00 ms.
Mono: successfully reloaded assembly
- Completed reload, in  0.818 seconds
Domain Reload Profiling:
	ReloadAssembly (819ms)
		BeginReloadAssembly (87ms)
			ExecutionOrderSort (0ms)
			DisableScriptedObjects (5ms)
			BackupInstance (0ms)
			ReleaseScriptingObjects (0ms)
			CreateAndSetChildDomain (27ms)
		EndReloadAssembly (682ms)
			LoadAssemblies (68ms)
			RebuildTransferFunctionScriptingTraits (0ms)
			SetupTypeCache (242ms)
			ReleaseScriptCaches (1ms)
			RebuildScriptCaches (38ms)
			SetupLoadedEditorAssemblies (246ms)
				LogAssemblyErrors (0ms)
				InitializePlatformSupportModulesInManaged (4ms)
				SetLoadedEditorAssemblies (0ms)
				RefreshPlugins (1ms)
				BeforeProcessingInitializeOnLoad (76ms)
				ProcessInitializeOnLoadAttributes (153ms)
				ProcessInitializeOnLoadMethodAttributes (9ms)
				AfterProcessingInitializeOnLoad (4ms)
				EditorAssembliesLoaded (0ms)
			ExecutionOrderSort2 (0ms)
			AwakeInstancesAfterBackupRestoration (7ms)
Platform modules already initialized, skipping
Refreshing native plugins compatible for Editor in 0.86 ms, found 3 plugins.
Preloading 0 native plugins for Editor in 0.00 ms.
Unloading 2344 Unused Serialized files (Serialized files now loaded: 0)
System memory in use before: 108.3 MB.
System memory in use after: 108.5 MB.

Unloading 18 unused Assets to reduce memory usage. Loaded Objects now: 2864.
Total: 2.795200 ms (FindLiveObjects: 0.225000 ms CreateObjectMapping: 0.063400 ms MarkObjects: 2.475300 ms  DeleteObjects: 0.030500 ms)

AssetImportParameters requested are different than current active one (requested -> active):
  custom:framework-win-MediaFoundation: 216162199b28c13a410421893ffa2e32 -> 
  custom:video-decoder-ogg-theora: a1e56fd34408186e4bbccfd4996cb3dc -> 
  custom:container-muxer-webm: aa71ff27fc2769a1b78a27578f13a17b -> 
  custom:container-demuxer-webm: 4f35f7cbe854078d1ac9338744f61a02 -> 
  custom:container-demuxer-ogg: 62fdf1f143b41e24485cea50d1cbac27 -> 
  custom:video-encoder-webm-vp8: eb34c28f22e8b96e1ab97ce403110664 -> 
  custom:video-decoder-webm-vp8: 9c59270c3fd7afecdb556c50c9e8de78 -> 
  custom:audio-decoder-ogg-vorbis: bf7c407c2cedff20999df2af8eb42d56 -> 
  custom:audio-encoder-webm-vorbis: bf7c407c2cedff20999df2af8eb42d56 -> 
========================================================================
Received Import Request.
  Time since last request: 144.321845 seconds.
  path: Assets/CORE/Prefabs/Spells/SpellTypes/IceSpikeSpell.prefab
  artifactKey: Guid(f4688d0498bba994b961cebd084295cb) Importer(815301076,1909f56bfc062723c751e8b465ee728b)
Start importing Assets/CORE/Prefabs/Spells/SpellTypes/IceSpikeSpell.prefab using Guid(f4688d0498bba994b961cebd084295cb) Importer(815301076,1909f56bfc062723c751e8b465ee728b)  -> (artifact id: '957b53cf29cc6487ff3c9623a84bbcc1') in 0.033285 seconds 
  Import took 0.037164 seconds .

========================================================================
Received Import Request.
  Time since last request: 31.803769 seconds.
  path: Assets/CORE/Prefabs/Spells/Projectiles/IceProjectile.prefab
  artifactKey: Guid(273384a634e2d504b86632b6e59563d6) Importer(815301076,1909f56bfc062723c751e8b465ee728b)
Start importing Assets/CORE/Prefabs/Spells/Projectiles/IceProjectile.prefab using Guid(273384a634e2d504b86632b6e59563d6) Importer(815301076,1909f56bfc062723c751e8b465ee728b)  -> (artifact id: '35a26b6791cd2d472f7bb9b55de46bbd') in 0.030429 seconds 
  Import took 0.034424 seconds .

========================================================================
Received Prepare
Registering precompiled user dll's ...
Registered in 0.003948 seconds.
Begin MonoManager ReloadAssembly
Native extension for WindowsStandalone target not found
Refreshing native plugins compatible for Editor in 0.69 ms, found 3 plugins.
Preloading 0 native plugins for Editor in 0.00 ms.
Mono: successfully reloaded assembly
- Completed reload, in  0.820 seconds
Domain Reload Profiling:
	ReloadAssembly (820ms)
		BeginReloadAssembly (100ms)
			ExecutionOrderSort (0ms)
			DisableScriptedObjects (5ms)
			BackupInstance (0ms)
			ReleaseScriptingObjects (0ms)
			CreateAndSetChildDomain (27ms)
		EndReloadAssembly (669ms)
			LoadAssemblies (68ms)
			RebuildTransferFunctionScriptingTraits (0ms)
			SetupTypeCache (243ms)
			ReleaseScriptCaches (1ms)
			RebuildScriptCaches (36ms)
			SetupLoadedEditorAssemblies (237ms)
				LogAssemblyErrors (0ms)
				InitializePlatformSupportModulesInManaged (3ms)
				SetLoadedEditorAssemblies (0ms)
				RefreshPlugins (1ms)
				BeforeProcessingInitializeOnLoad (76ms)
				ProcessInitializeOnLoadAttributes (144ms)
				ProcessInitializeOnLoadMethodAttributes (9ms)
				AfterProcessingInitializeOnLoad (4ms)
				EditorAssembliesLoaded (0ms)
			ExecutionOrderSort2 (0ms)
			AwakeInstancesAfterBackupRestoration (7ms)
Platform modules already initialized, skipping
Refreshing native plugins compatible for Editor in 0.71 ms, found 3 plugins.
Preloading 0 native plugins for Editor in 0.00 ms.
Unloading 2344 Unused Serialized files (Serialized files now loaded: 0)
System memory in use before: 108.4 MB.
System memory in use after: 108.6 MB.

Unloading 18 unused Assets to reduce memory usage. Loaded Objects now: 2867.
Total: 3.363300 ms (FindLiveObjects: 0.292300 ms CreateObjectMapping: 0.074100 ms MarkObjects: 2.957100 ms  DeleteObjects: 0.038200 ms)

AssetImportParameters requested are different than current active one (requested -> active):
  custom:framework-win-MediaFoundation: 216162199b28c13a410421893ffa2e32 -> 
  custom:video-decoder-ogg-theora: a1e56fd34408186e4bbccfd4996cb3dc -> 
  custom:container-muxer-webm: aa71ff27fc2769a1b78a27578f13a17b -> 
  custom:container-demuxer-webm: 4f35f7cbe854078d1ac9338744f61a02 -> 
  custom:container-demuxer-ogg: 62fdf1f143b41e24485cea50d1cbac27 -> 
  custom:video-encoder-webm-vp8: eb34c28f22e8b96e1ab97ce403110664 -> 
  custom:video-decoder-webm-vp8: 9c59270c3fd7afecdb556c50c9e8de78 -> 
  custom:audio-decoder-ogg-vorbis: bf7c407c2cedff20999df2af8eb42d56 -> 
  custom:audio-encoder-webm-vorbis: bf7c407c2cedff20999df2af8eb42d56 -> 
========================================================================
Received Prepare
Registering precompiled user dll's ...
Registered in 0.004291 seconds.
Begin MonoManager ReloadAssembly
Native extension for WindowsStandalone target not found
Refreshing native plugins compatible for Editor in 0.69 ms, found 3 plugins.
Preloading 0 native plugins for Editor in 0.00 ms.
Mono: successfully reloaded assembly
- Completed reload, in  0.934 seconds
Domain Reload Profiling:
	ReloadAssembly (935ms)
		BeginReloadAssembly (111ms)
			ExecutionOrderSort (0ms)
			DisableScriptedObjects (7ms)
			BackupInstance (0ms)
			ReleaseScriptingObjects (0ms)
			CreateAndSetChildDomain (38ms)
		EndReloadAssembly (758ms)
			LoadAssemblies (93ms)
			RebuildTransferFunctionScriptingTraits (0ms)
			SetupTypeCache (293ms)
			ReleaseScriptCaches (1ms)
			RebuildScriptCaches (41ms)
			SetupLoadedEditorAssemblies (247ms)
				LogAssemblyErrors (0ms)
				InitializePlatformSupportModulesInManaged (3ms)
				SetLoadedEditorAssemblies (0ms)
				RefreshPlugins (1ms)
				BeforeProcessingInitializeOnLoad (77ms)
				ProcessInitializeOnLoadAttributes (151ms)
				ProcessInitializeOnLoadMethodAttributes (10ms)
				AfterProcessingInitializeOnLoad (5ms)
				EditorAssembliesLoaded (0ms)
			ExecutionOrderSort2 (0ms)
			AwakeInstancesAfterBackupRestoration (7ms)
Platform modules already initialized, skipping
Refreshing native plugins compatible for Editor in 0.81 ms, found 3 plugins.
Preloading 0 native plugins for Editor in 0.00 ms.
Unloading 2344 Unused Serialized files (Serialized files now loaded: 0)
System memory in use before: 108.4 MB.
System memory in use after: 108.6 MB.

Unloading 18 unused Assets to reduce memory usage. Loaded Objects now: 2869.
Total: 2.761600 ms (FindLiveObjects: 0.198800 ms CreateObjectMapping: 0.060500 ms MarkObjects: 2.470600 ms  DeleteObjects: 0.031000 ms)

AssetImportParameters requested are different than current active one (requested -> active):
  custom:framework-win-MediaFoundation: 216162199b28c13a410421893ffa2e32 -> 
  custom:video-decoder-ogg-theora: a1e56fd34408186e4bbccfd4996cb3dc -> 
  custom:container-muxer-webm: aa71ff27fc2769a1b78a27578f13a17b -> 
  custom:container-demuxer-webm: 4f35f7cbe854078d1ac9338744f61a02 -> 
  custom:container-demuxer-ogg: 62fdf1f143b41e24485cea50d1cbac27 -> 
  custom:video-encoder-webm-vp8: eb34c28f22e8b96e1ab97ce403110664 -> 
  custom:video-decoder-webm-vp8: 9c59270c3fd7afecdb556c50c9e8de78 -> 
  custom:audio-decoder-ogg-vorbis: bf7c407c2cedff20999df2af8eb42d56 -> 
  custom:audio-encoder-webm-vorbis: bf7c407c2cedff20999df2af8eb42d56 -> 
========================================================================
Received Prepare
Registering precompiled user dll's ...
Registered in 0.003034 seconds.
Begin MonoManager ReloadAssembly
Native extension for WindowsStandalone target not found
Refreshing native plugins compatible for Editor in 0.72 ms, found 3 plugins.
Preloading 0 native plugins for Editor in 0.00 ms.
Mono: successfully reloaded assembly
- Completed reload, in  0.832 seconds
Domain Reload Profiling:
	ReloadAssembly (833ms)
		BeginReloadAssembly (92ms)
			ExecutionOrderSort (0ms)
			DisableScriptedObjects (5ms)
			BackupInstance (0ms)
			ReleaseScriptingObjects (0ms)
			CreateAndSetChildDomain (28ms)
		EndReloadAssembly (688ms)
			LoadAssemblies (69ms)
			RebuildTransferFunctionScriptingTraits (0ms)
			SetupTypeCache (243ms)
			ReleaseScriptCaches (1ms)
			RebuildScriptCaches (36ms)
			SetupLoadedEditorAssemblies (248ms)
				LogAssemblyErrors (0ms)
				InitializePlatformSupportModulesInManaged (4ms)
				SetLoadedEditorAssemblies (0ms)
				RefreshPlugins (1ms)
				BeforeProcessingInitializeOnLoad (77ms)
				ProcessInitializeOnLoadAttributes (153ms)
				ProcessInitializeOnLoadMethodAttributes (9ms)
				AfterProcessingInitializeOnLoad (4ms)
				EditorAssembliesLoaded (0ms)
			ExecutionOrderSort2 (0ms)
			AwakeInstancesAfterBackupRestoration (8ms)
Platform modules already initialized, skipping
Refreshing native plugins compatible for Editor in 0.95 ms, found 3 plugins.
Preloading 0 native plugins for Editor in 0.00 ms.
Unloading 2344 Unused Serialized files (Serialized files now loaded: 0)
System memory in use before: 108.4 MB.
System memory in use after: 108.6 MB.

Unloading 18 unused Assets to reduce memory usage. Loaded Objects now: 2871.
Total: 2.766900 ms (FindLiveObjects: 0.203300 ms CreateObjectMapping: 0.062100 ms MarkObjects: 2.468700 ms  DeleteObjects: 0.031900 ms)

AssetImportParameters requested are different than current active one (requested -> active):
  custom:framework-win-MediaFoundation: 216162199b28c13a410421893ffa2e32 -> 
  custom:video-decoder-ogg-theora: a1e56fd34408186e4bbccfd4996cb3dc -> 
  custom:container-muxer-webm: aa71ff27fc2769a1b78a27578f13a17b -> 
  custom:container-demuxer-webm: 4f35f7cbe854078d1ac9338744f61a02 -> 
  custom:container-demuxer-ogg: 62fdf1f143b41e24485cea50d1cbac27 -> 
  custom:video-encoder-webm-vp8: eb34c28f22e8b96e1ab97ce403110664 -> 
  custom:video-decoder-webm-vp8: 9c59270c3fd7afecdb556c50c9e8de78 -> 
  custom:audio-decoder-ogg-vorbis: bf7c407c2cedff20999df2af8eb42d56 -> 
  custom:audio-encoder-webm-vorbis: bf7c407c2cedff20999df2af8eb42d56 -> 
========================================================================
Received Prepare
Registering precompiled user dll's ...
Registered in 0.003358 seconds.
Begin MonoManager ReloadAssembly
Native extension for WindowsStandalone target not found
Refreshing native plugins compatible for Editor in 0.69 ms, found 3 plugins.
Preloading 0 native plugins for Editor in 0.00 ms.
Mono: successfully reloaded assembly
- Completed reload, in  0.847 seconds
Domain Reload Profiling:
	ReloadAssembly (847ms)
		BeginReloadAssembly (96ms)
			ExecutionOrderSort (0ms)
			DisableScriptedObjects (5ms)
			BackupInstance (0ms)
			ReleaseScriptingObjects (0ms)
			CreateAndSetChildDomain (28ms)
		EndReloadAssembly (697ms)
			LoadAssemblies (69ms)
			RebuildTransferFunctionScriptingTraits (0ms)
			SetupTypeCache (255ms)
			ReleaseScriptCaches (1ms)
			RebuildScriptCaches (40ms)
			SetupLoadedEditorAssemblies (242ms)
				LogAssemblyErrors (0ms)
				InitializePlatformSupportModulesInManaged (3ms)
				SetLoadedEditorAssemblies (0ms)
				RefreshPlugins (1ms)
				BeforeProcessingInitializeOnLoad (76ms)
				ProcessInitializeOnLoadAttributes (149ms)
				ProcessInitializeOnLoadMethodAttributes (9ms)
				AfterProcessingInitializeOnLoad (4ms)
				EditorAssembliesLoaded (0ms)
			ExecutionOrderSort2 (0ms)
			AwakeInstancesAfterBackupRestoration (7ms)
Platform modules already initialized, skipping
Refreshing native plugins compatible for Editor in 0.85 ms, found 3 plugins.
Preloading 0 native plugins for Editor in 0.00 ms.
Unloading 2344 Unused Serialized files (Serialized files now loaded: 0)
System memory in use before: 108.4 MB.
System memory in use after: 108.6 MB.

Unloading 18 unused Assets to reduce memory usage. Loaded Objects now: 2873.
Total: 2.950700 ms (FindLiveObjects: 0.228300 ms CreateObjectMapping: 0.061900 ms MarkObjects: 2.625600 ms  DeleteObjects: 0.034000 ms)

AssetImportParameters requested are different than current active one (requested -> active):
  custom:framework-win-MediaFoundation: 216162199b28c13a410421893ffa2e32 -> 
  custom:video-decoder-ogg-theora: a1e56fd34408186e4bbccfd4996cb3dc -> 
  custom:container-muxer-webm: aa71ff27fc2769a1b78a27578f13a17b -> 
  custom:container-demuxer-webm: 4f35f7cbe854078d1ac9338744f61a02 -> 
  custom:container-demuxer-ogg: 62fdf1f143b41e24485cea50d1cbac27 -> 
  custom:video-encoder-webm-vp8: eb34c28f22e8b96e1ab97ce403110664 -> 
  custom:video-decoder-webm-vp8: 9c59270c3fd7afecdb556c50c9e8de78 -> 
  custom:audio-decoder-ogg-vorbis: bf7c407c2cedff20999df2af8eb42d56 -> 
  custom:audio-encoder-webm-vorbis: bf7c407c2cedff20999df2af8eb42d56 -> 
========================================================================
Received Prepare
Registering precompiled user dll's ...
Registered in 0.003251 seconds.
Begin MonoManager ReloadAssembly
Native extension for WindowsStandalone target not found
Refreshing native plugins compatible for Editor in 0.68 ms, found 3 plugins.
Preloading 0 native plugins for Editor in 0.00 ms.
Mono: successfully reloaded assembly
- Completed reload, in  0.831 seconds
Domain Reload Profiling:
	ReloadAssembly (831ms)
		BeginReloadAssembly (92ms)
			ExecutionOrderSort (0ms)
			DisableScriptedObjects (5ms)
			BackupInstance (0ms)
			ReleaseScriptingObjects (0ms)
			CreateAndSetChildDomain (29ms)
		EndReloadAssembly (687ms)
			LoadAssemblies (70ms)
			RebuildTransferFunctionScriptingTraits (0ms)
			SetupTypeCache (246ms)
			ReleaseScriptCaches (1ms)
			RebuildScriptCaches (37ms)
			SetupLoadedEditorAssemblies (243ms)
				LogAssemblyErrors (0ms)
				InitializePlatformSupportModulesInManaged (3ms)
				SetLoadedEditorAssemblies (0ms)
				RefreshPlugins (1ms)
				BeforeProcessingInitializeOnLoad (76ms)
				ProcessInitializeOnLoadAttributes (150ms)
				ProcessInitializeOnLoadMethodAttributes (9ms)
				AfterProcessingInitializeOnLoad (4ms)
				EditorAssembliesLoaded (0ms)
			ExecutionOrderSort2 (0ms)
			AwakeInstancesAfterBackupRestoration (8ms)
Platform modules already initialized, skipping
Refreshing native plugins compatible for Editor in 1.26 ms, found 3 plugins.
Preloading 0 native plugins for Editor in 0.00 ms.
Unloading 2344 Unused Serialized files (Serialized files now loaded: 0)
System memory in use before: 108.3 MB.
System memory in use after: 108.5 MB.

Unloading 18 unused Assets to reduce memory usage. Loaded Objects now: 2875.
Total: 2.853900 ms (FindLiveObjects: 0.201300 ms CreateObjectMapping: 0.077800 ms MarkObjects: 2.540800 ms  DeleteObjects: 0.032800 ms)

AssetImportParameters requested are different than current active one (requested -> active):
  custom:framework-win-MediaFoundation: 216162199b28c13a410421893ffa2e32 -> 
  custom:video-decoder-ogg-theora: a1e56fd34408186e4bbccfd4996cb3dc -> 
  custom:container-muxer-webm: aa71ff27fc2769a1b78a27578f13a17b -> 
  custom:container-demuxer-webm: 4f35f7cbe854078d1ac9338744f61a02 -> 
  custom:container-demuxer-ogg: 62fdf1f143b41e24485cea50d1cbac27 -> 
  custom:video-encoder-webm-vp8: eb34c28f22e8b96e1ab97ce403110664 -> 
  custom:video-decoder-webm-vp8: 9c59270c3fd7afecdb556c50c9e8de78 -> 
  custom:audio-decoder-ogg-vorbis: bf7c407c2cedff20999df2af8eb42d56 -> 
  custom:audio-encoder-webm-vorbis: bf7c407c2cedff20999df2af8eb42d56 -> 
========================================================================
Received Import Request.
  Time since last request: 654.858476 seconds.
  path: Assets/CORE/Prefabs/Spells/Projectiles/IceProjectile.prefab
  artifactKey: Guid(273384a634e2d504b86632b6e59563d6) Importer(815301076,1909f56bfc062723c751e8b465ee728b)
Start importing Assets/CORE/Prefabs/Spells/Projectiles/IceProjectile.prefab using Guid(273384a634e2d504b86632b6e59563d6) Importer(815301076,1909f56bfc062723c751e8b465ee728b)  -> (artifact id: '0f8bc1c76120e9df7c511cf75e1cf96b') in 0.065320 seconds 
  Import took 0.070097 seconds .

========================================================================
Received Import Request.
  Time since last request: 8.846566 seconds.
  path: Assets/CORE/Prefabs/Spells/Projectiles/IceProjectile.prefab
  artifactKey: Guid(273384a634e2d504b86632b6e59563d6) Importer(815301076,1909f56bfc062723c751e8b465ee728b)
Start importing Assets/CORE/Prefabs/Spells/Projectiles/IceProjectile.prefab using Guid(273384a634e2d504b86632b6e59563d6) Importer(815301076,1909f56bfc062723c751e8b465ee728b)  -> (artifact id: '8ed3ab456dafce50c02056e4a8a109ac') in 0.008272 seconds 
  Import took 0.012197 seconds .

========================================================================
Received Prepare
Registering precompiled user dll's ...
Registered in 0.003736 seconds.
Begin MonoManager ReloadAssembly
Native extension for WindowsStandalone target not found
Refreshing native plugins compatible for Editor in 0.73 ms, found 3 plugins.
Preloading 0 native plugins for Editor in 0.00 ms.
Mono: successfully reloaded assembly
- Completed reload, in  0.855 seconds
Domain Reload Profiling:
	ReloadAssembly (855ms)
		BeginReloadAssembly (96ms)
			ExecutionOrderSort (0ms)
			DisableScriptedObjects (5ms)
			BackupInstance (0ms)
			ReleaseScriptingObjects (0ms)
			CreateAndSetChildDomain (31ms)
		EndReloadAssembly (696ms)
			LoadAssemblies (74ms)
			RebuildTransferFunctionScriptingTraits (0ms)
			SetupTypeCache (255ms)
			ReleaseScriptCaches (1ms)
			RebuildScriptCaches (36ms)
			SetupLoadedEditorAssemblies (245ms)
				LogAssemblyErrors (0ms)
				InitializePlatformSupportModulesInManaged (4ms)
				SetLoadedEditorAssemblies (0ms)
				RefreshPlugins (1ms)
				BeforeProcessingInitializeOnLoad (78ms)
				ProcessInitializeOnLoadAttributes (150ms)
				ProcessInitializeOnLoadMethodAttributes (9ms)
				AfterProcessingInitializeOnLoad (4ms)
				EditorAssembliesLoaded (0ms)
			ExecutionOrderSort2 (0ms)
			AwakeInstancesAfterBackupRestoration (7ms)
Platform modules already initialized, skipping
Refreshing native plugins compatible for Editor in 0.82 ms, found 3 plugins.
Preloading 0 native plugins for Editor in 0.00 ms.
Unloading 2344 Unused Serialized files (Serialized files now loaded: 0)
System memory in use before: 108.4 MB.
System memory in use after: 108.6 MB.

Unloading 18 unused Assets to reduce memory usage. Loaded Objects now: 2878.
Total: 3.414000 ms (FindLiveObjects: 0.655500 ms CreateObjectMapping: 0.073600 ms MarkObjects: 2.648200 ms  DeleteObjects: 0.035600 ms)

AssetImportParameters requested are different than current active one (requested -> active):
  custom:framework-win-MediaFoundation: 216162199b28c13a410421893ffa2e32 -> 
  custom:video-decoder-ogg-theora: a1e56fd34408186e4bbccfd4996cb3dc -> 
  custom:container-muxer-webm: aa71ff27fc2769a1b78a27578f13a17b -> 
  custom:container-demuxer-webm: 4f35f7cbe854078d1ac9338744f61a02 -> 
  custom:container-demuxer-ogg: 62fdf1f143b41e24485cea50d1cbac27 -> 
  custom:video-encoder-webm-vp8: eb34c28f22e8b96e1ab97ce403110664 -> 
  custom:video-decoder-webm-vp8: 9c59270c3fd7afecdb556c50c9e8de78 -> 
  custom:audio-decoder-ogg-vorbis: bf7c407c2cedff20999df2af8eb42d56 -> 
  custom:audio-encoder-webm-vorbis: bf7c407c2cedff20999df2af8eb42d56 -> 
AssetImportWorkerClient::OnTransportError - code=2 error=End of file
